#
# There is insufficient memory for the Java Runtime Environment to continue.
# Native memory allocation (malloc) failed to allocate 1051056 bytes for Chunk::new
# Possible reasons:
#   The system is out of physical RAM or swap space
#   In 32 bit mode, the process size limit was hit
# Possible solutions:
#   Reduce memory load on the system
#   Increase physical memory or swap space
#   Check if swap backing store is full
#   Use 64 bit Java on a 64 bit OS
#   Decrease Java heap size (-Xmx/-Xms)
#   Decrease number of Java threads
#   Decrease Java thread stack sizes (-Xss)
#   Set larger code cache with -XX:ReservedCodeCacheSize=
# This output file may be truncated or incomplete.
#
#  Out of Memory Error (allocation.cpp:390), pid=185032, tid=0x000000000002cef0
#
# JRE version: Java(TM) SE Runtime Environment (8.0_131-b11) (build 1.8.0_131-b11)
# Java VM: Java HotSpot(TM) 64-Bit Server VM (25.131-b11 mixed mode windows-amd64 compressed oops)
# Failed to write core dump. Minidumps are not enabled by default on client versions of Windows
#

---------------  T H R E A D  ---------------

Current thread (0x0000000019fcf000):  JavaThread "C2 CompilerThread1" daemon [_thread_in_native, id=184048, stack(0x000000001a9b0000,0x000000001aab0000)]

Stack: [0x000000001a9b0000,0x000000001aab0000]
[error occurred during error reporting (printing stack bounds), id 0xc0000005]

Native frames: (J=compiled Java code, j=interpreted, Vv=VM code, C=native code)


Current CompileTask:
C2:   5144 3479   !   4       org.springframework.core.annotation.AnnotatedElementUtils::searchWithFindSemantics (774 bytes)


---------------  P R O C E S S  ---------------

Java Threads: ( => current thread )
  0x000000001f12a800 JavaThread "mysql-cj-abandoned-connection-cleanup" daemon [_thread_blocked, id=185148, stack(0x0000000023070000,0x0000000023170000)]
  0x0000000020ea3800 JavaThread "container-0" [_thread_blocked, id=185120, stack(0x0000000022f70000,0x0000000023070000)]
  0x000000001bea7800 JavaThread "Catalina-utility-2" [_thread_blocked, id=185116, stack(0x0000000020c10000,0x0000000020d10000)]
  0x0000000020483000 JavaThread "Catalina-utility-1" [_thread_blocked, id=185112, stack(0x000000001f420000,0x000000001f520000)]
  0x000000001b347800 JavaThread "restartedMain" [_thread_in_vm, id=175652, stack(0x000000001c030000,0x000000001c130000)]
  0x000000001b347000 JavaThread "Thread-0" [_thread_blocked, id=155176, stack(0x000000001bf30000,0x000000001c030000)]
  0x0000000019c4e000 JavaThread "Service Thread" daemon [_thread_blocked, id=180616, stack(0x000000001acb0000,0x000000001adb0000)]
  0x000000001a015800 JavaThread "C1 CompilerThread3" daemon [_thread_in_vm, id=181732, stack(0x000000001abb0000,0x000000001acb0000)]
  0x000000001a015000 JavaThread "C2 CompilerThread2" daemon [_thread_blocked, id=180456, stack(0x000000001aab0000,0x000000001abb0000)]
=>0x0000000019fcf000 JavaThread "C2 CompilerThread1" daemon [_thread_in_native, id=184048, stack(0x000000001a9b0000,0x000000001aab0000)]
  0x0000000019fcd800 JavaThread "C2 CompilerThread0" daemon [_thread_in_native, id=182308, stack(0x000000001a8b0000,0x000000001a9b0000)]
  0x000000001a03b000 JavaThread "Monitor Ctrl-Break" daemon [_thread_in_native, id=182016, stack(0x000000001a7b0000,0x000000001a8b0000)]
  0x00000000198e0800 JavaThread "Attach Listener" daemon [_thread_blocked, id=183948, stack(0x0000000019eb0000,0x0000000019fb0000)]
  0x000000001988c000 JavaThread "Signal Dispatcher" daemon [_thread_blocked, id=183468, stack(0x0000000019db0000,0x0000000019eb0000)]
  0x0000000019870800 JavaThread "Finalizer" daemon [_thread_blocked, id=182116, stack(0x0000000019c50000,0x0000000019d50000)]
  0x0000000002a4b000 JavaThread "Reference Handler" daemon [_thread_blocked, id=157044, stack(0x0000000019750000,0x0000000019850000)]
  0x0000000002956000 JavaThread "main" [_thread_blocked, id=138948, stack(0x0000000002710000,0x0000000002810000)]

Other Threads:
  0x0000000017969800 VMThread [stack: 0x0000000019650000,0x0000000019750000] [id=171728]
  0x000000001a1a2000 WatcherThread [stack: 0x000000001adb0000,0x000000001aeb0000] [id=172300]

VM state:not at safepoint (normal execution)

VM Mutex/Monitor currently owned by a thread: None

Heap:
 PSYoungGen      total 163328K, used 14807K [0x00000000d6300000, 0x00000000e3480000, 0x0000000100000000)
  eden space 152576K, 9% used [0x00000000d6300000,0x00000000d7175f58,0x00000000df800000)
  from space 10752K, 0% used [0x00000000e0380000,0x00000000e0380000,0x00000000e0e00000)
  to   space 11776K, 0% used [0x00000000df800000,0x00000000df800000,0x00000000e0380000)
 ParOldGen       total 87552K, used 14836K [0x0000000082800000, 0x0000000087d80000, 0x00000000d6300000)
  object space 87552K, 16% used [0x0000000082800000,0x000000008367d368,0x0000000087d80000)
 Metaspace       used 34831K, capacity 36424K, committed 36648K, reserved 1081344K
  class space    used 4430K, capacity 4742K, committed 4784K, reserved 1048576K

Card table byte_map: [0x0000000011e10000,0x0000000012200000] byte_map_base: 0x00000000119fc000

Marking Bits: (ParMarkBitMap*) 0x000000006d0ac720
 Begin Bits: [0x0000000012ca0000, 0x0000000014c00000)
 End Bits:   [0x0000000014c00000, 0x0000000016b60000)

Polling page: 0x0000000000630000

CodeCache: size=245760Kb used=13208Kb max_used=13208Kb free=232551Kb
 bounds [0x0000000002a50000, 0x0000000003740000, 0x0000000011a50000]
 total_blobs=4004 nmethods=3584 adapters=332
 compilation: enabled

Compilation events (10 events):
Event: 5.135 Thread 0x000000001a015000 3600       4       java.lang.Class::getGenericInfo (52 bytes)
Event: 5.138 Thread 0x000000001a015000 nmethod 3600 0x00000000037387d0 code [0x0000000003738960, 0x0000000003738e38]
Event: 5.139 Thread 0x000000001a015000 3602       4       java.util.LinkedHashMap$LinkedValues::iterator (12 bytes)
Event: 5.140 Thread 0x000000001a015000 nmethod 3602 0x000000000372ca10 code [0x000000000372cb60, 0x000000000372cc78]
Event: 5.142 Thread 0x000000001a015800 3603       3       sun.reflect.generics.parser.SignatureParser::parseZeroOrMoreFormalTypeParameters (19 bytes)
Event: 5.142 Thread 0x000000001a015800 nmethod 3603 0x000000000372f290 code [0x000000000372f400, 0x000000000372f698]
Event: 5.142 Thread 0x000000001a015800 3604       3       sun.reflect.generics.repository.GenericDeclRepository::<init> (7 bytes)
Event: 5.142 Thread 0x000000001a015800 nmethod 3604 0x000000000372ecd0 code [0x000000000372ee40, 0x000000000372f148]
Event: 5.142 Thread 0x000000001a015800 3605       3       sun.reflect.generics.repository.AbstractRepository::<init> (19 bytes)
Event: 5.143 Thread 0x000000001a015800 nmethod 3605 0x000000000372e7d0 code [0x000000000372e940, 0x000000000372ebe8]

GC Heap History (10 events):
Event: 1.638 GC heap before
{Heap before GC invocations=6 (full 1):
 PSYoungGen      total 70656K, used 5098K [0x00000000d6300000, 0x00000000df400000, 0x0000000100000000)
  eden space 65536K, 0% used [0x00000000d6300000,0x00000000d6300000,0x00000000da300000)
  from space 5120K, 99% used [0x00000000da300000,0x00000000da7fa908,0x00000000da800000)
  to   space 8704K, 0% used [0x00000000deb80000,0x00000000deb80000,0x00000000df400000)
 ParOldGen       total 86016K, used 5797K [0x0000000082800000, 0x0000000087c00000, 0x00000000d6300000)
  object space 86016K, 6% used [0x0000000082800000,0x0000000082da9630,0x0000000087c00000)
 Metaspace       used 20594K, capacity 21166K, committed 21296K, reserved 1067008K
  class space    used 2639K, capacity 2818K, committed 2864K, reserved 1048576K
Event: 1.669 GC heap after
Heap after GC invocations=6 (full 1):
 PSYoungGen      total 70656K, used 0K [0x00000000d6300000, 0x00000000df400000, 0x0000000100000000)
  eden space 65536K, 0% used [0x00000000d6300000,0x00000000d6300000,0x00000000da300000)
  from space 5120K, 0% used [0x00000000da300000,0x00000000da300000,0x00000000da800000)
  to   space 8704K, 0% used [0x00000000deb80000,0x00000000deb80000,0x00000000df400000)
 ParOldGen       total 57344K, used 7512K [0x0000000082800000, 0x0000000086000000, 0x00000000d6300000)
  object space 57344K, 13% used [0x0000000082800000,0x0000000082f56148,0x0000000086000000)
 Metaspace       used 20593K, capacity 21160K, committed 21296K, reserved 1067008K
  class space    used 2638K, capacity 2817K, committed 2864K, reserved 1048576K
}
Event: 2.303 GC heap before
{Heap before GC invocations=7 (full 1):
 PSYoungGen      total 70656K, used 65536K [0x00000000d6300000, 0x00000000df400000, 0x0000000100000000)
  eden space 65536K, 100% used [0x00000000d6300000,0x00000000da300000,0x00000000da300000)
  from space 5120K, 0% used [0x00000000da300000,0x00000000da300000,0x00000000da800000)
  to   space 8704K, 0% used [0x00000000deb80000,0x00000000deb80000,0x00000000df400000)
 ParOldGen       total 57344K, used 7512K [0x0000000082800000, 0x0000000086000000, 0x00000000d6300000)
  object space 57344K, 13% used [0x0000000082800000,0x0000000082f56148,0x0000000086000000)
 Metaspace       used 24423K, capacity 25314K, committed 25392K, reserved 1071104K
  class space    used 3111K, capacity 3309K, committed 3376K, reserved 1048576K
Event: 2.309 GC heap after
Heap after GC invocations=7 (full 1):
 PSYoungGen      total 108032K, used 5398K [0x00000000d6300000, 0x00000000df100000, 0x0000000100000000)
  eden space 102400K, 0% used [0x00000000d6300000,0x00000000d6300000,0x00000000dc700000)
  from space 5632K, 95% used [0x00000000deb80000,0x00000000df0c5b70,0x00000000df100000)
  to   space 8704K, 0% used [0x00000000de000000,0x00000000de000000,0x00000000de880000)
 ParOldGen       total 57344K, used 7584K [0x0000000082800000, 0x0000000086000000, 0x00000000d6300000)
  object space 57344K, 13% used [0x0000000082800000,0x0000000082f68158,0x0000000086000000)
 Metaspace       used 24423K, capacity 25314K, committed 25392K, reserved 1071104K
  class space    used 3111K, capacity 3309K, committed 3376K, reserved 1048576K
}
Event: 4.513 GC heap before
{Heap before GC invocations=8 (full 1):
 PSYoungGen      total 108032K, used 107798K [0x00000000d6300000, 0x00000000df100000, 0x0000000100000000)
  eden space 102400K, 100% used [0x00000000d6300000,0x00000000dc700000,0x00000000dc700000)
  from space 5632K, 95% used [0x00000000deb80000,0x00000000df0c5b70,0x00000000df100000)
  to   space 8704K, 0% used [0x00000000de000000,0x00000000de000000,0x00000000de880000)
 ParOldGen       total 57344K, used 7584K [0x0000000082800000, 0x0000000086000000, 0x00000000d6300000)
  object space 57344K, 13% used [0x0000000082800000,0x0000000082f68158,0x0000000086000000)
 Metaspace       used 30880K, capacity 32398K, committed 32560K, reserved 1077248K
  class space    used 3971K, capacity 4291K, committed 4400K, reserved 1048576K
Event: 4.521 GC heap after
Heap after GC invocations=8 (full 1):
 PSYoungGen      total 136704K, used 8692K [0x00000000d6300000, 0x00000000e0e00000, 0x0000000100000000)
  eden space 128000K, 0% used [0x00000000d6300000,0x00000000d6300000,0x00000000de000000)
  from space 8704K, 99% used [0x00000000de000000,0x00000000de87d310,0x00000000de880000)
  to   space 10752K, 0% used [0x00000000e0380000,0x00000000e0380000,0x00000000e0e00000)
 ParOldGen       total 57344K, used 10078K [0x0000000082800000, 0x0000000086000000, 0x00000000d6300000)
  object space 57344K, 17% used [0x0000000082800000,0x00000000831d79a0,0x0000000086000000)
 Metaspace       used 30880K, capacity 32398K, committed 32560K, reserved 1077248K
  class space    used 3971K, capacity 4291K, committed 4400K, reserved 1048576K
}
Event: 4.966 GC heap before
{Heap before GC invocations=9 (full 1):
 PSYoungGen      total 136704K, used 53416K [0x00000000d6300000, 0x00000000e0e00000, 0x0000000100000000)
  eden space 128000K, 34% used [0x00000000d6300000,0x00000000d8eaced0,0x00000000de000000)
  from space 8704K, 99% used [0x00000000de000000,0x00000000de87d310,0x00000000de880000)
  to   space 10752K, 0% used [0x00000000e0380000,0x00000000e0380000,0x00000000e0e00000)
 ParOldGen       total 57344K, used 10078K [0x0000000082800000, 0x0000000086000000, 0x00000000d6300000)
  object space 57344K, 17% used [0x0000000082800000,0x00000000831d79a0,0x0000000086000000)
 Metaspace       used 33842K, capacity 35370K, committed 35496K, reserved 1081344K
  class space    used 4303K, capacity 4629K, committed 4656K, reserved 1048576K
Event: 4.974 GC heap after
Heap after GC invocations=9 (full 1):
 PSYoungGen      total 163328K, used 10352K [0x00000000d6300000, 0x00000000e3480000, 0x0000000100000000)
  eden space 152576K, 0% used [0x00000000d6300000,0x00000000d6300000,0x00000000df800000)
  from space 10752K, 96% used [0x00000000e0380000,0x00000000e0d9c050,0x00000000e0e00000)
  to   space 11776K, 0% used [0x00000000df800000,0x00000000df800000,0x00000000e0380000)
 ParOldGen       total 57344K, used 10086K [0x0000000082800000, 0x0000000086000000, 0x00000000d6300000)
  object space 57344K, 17% used [0x0000000082800000,0x00000000831d99a0,0x0000000086000000)
 Metaspace       used 33842K, capacity 35370K, committed 35496K, reserved 1081344K
  class space    used 4303K, capacity 4629K, committed 4656K, reserved 1048576K
}
Event: 4.974 GC heap before
{Heap before GC invocations=10 (full 2):
 PSYoungGen      total 163328K, used 10352K [0x00000000d6300000, 0x00000000e3480000, 0x0000000100000000)
  eden space 152576K, 0% used [0x00000000d6300000,0x00000000d6300000,0x00000000df800000)
  from space 10752K, 96% used [0x00000000e0380000,0x00000000e0d9c050,0x00000000e0e00000)
  to   space 11776K, 0% used [0x00000000df800000,0x00000000df800000,0x00000000e0380000)
 ParOldGen       total 57344K, used 10086K [0x0000000082800000, 0x0000000086000000, 0x00000000d6300000)
  object space 57344K, 17% used [0x0000000082800000,0x00000000831d99a0,0x0000000086000000)
 Metaspace       used 33842K, capacity 35370K, committed 35496K, reserved 1081344K
  class space    used 4303K, capacity 4629K, committed 4656K, reserved 1048576K
Event: 5.028 GC heap after
Heap after GC invocations=10 (full 2):
 PSYoungGen      total 163328K, used 0K [0x00000000d6300000, 0x00000000e3480000, 0x0000000100000000)
  eden space 152576K, 0% used [0x00000000d6300000,0x00000000d6300000,0x00000000df800000)
  from space 10752K, 0% used [0x00000000e0380000,0x00000000e0380000,0x00000000e0e00000)
  to   space 11776K, 0% used [0x00000000df800000,0x00000000df800000,0x00000000e0380000)
 ParOldGen       total 87552K, used 14836K [0x0000000082800000, 0x0000000087d80000, 0x00000000d6300000)
  object space 87552K, 16% used [0x0000000082800000,0x000000008367d368,0x0000000087d80000)
 Metaspace       used 33842K, capacity 35370K, committed 35496K, reserved 1081344K
  class space    used 4303K, capacity 4629K, committed 4656K, reserved 1048576K
}

Deoptimization events (10 events):
Event: 4.963 Thread 0x000000001b347800 Uncommon trap: reason=unstable_if action=reinterpret pc=0x0000000002e1f0c0 method=org.springframework.boot.context.properties.source.ConfigurationPropertyName$ElementsParser.updateType(Lorg/springframework/boot/context/properties/source/ConfigurationPrope
Event: 5.059 Thread 0x000000001b347800 Uncommon trap: reason=unstable_if action=reinterpret pc=0x000000000317babc method=org.springframework.util.ObjectUtils.nullSafeEquals(Ljava/lang/Object;Ljava/lang/Object;)Z @ 8
Event: 5.059 Thread 0x000000001b347800 Uncommon trap: reason=unstable_if action=reinterpret pc=0x0000000003504f80 method=org.springframework.boot.context.properties.source.ConfigurationPropertyName.equals(Ljava/lang/Object;)Z @ 8
Event: 5.059 Thread 0x000000001b347800 Uncommon trap: reason=unstable_if action=reinterpret pc=0x00000000034f5978 method=org.springframework.boot.context.properties.source.ConfigurationPropertyName.equals(Ljava/lang/Object;)Z @ 8
Event: 5.059 Thread 0x000000001b347800 Uncommon trap: reason=unstable_if action=reinterpret pc=0x0000000002dffe3c method=java.util.HashMap.getNode(ILjava/lang/Object;)Ljava/util/HashMap$Node; @ 129
Event: 5.063 Thread 0x000000001f12a800 Uncommon trap: reason=unstable_if action=reinterpret pc=0x0000000002c17254 method=java.util.zip.ZipCoder.getBytes(Ljava/lang/String;)[B @ 32
Event: 5.063 Thread 0x000000001f12a800 Uncommon trap: reason=unstable_if action=reinterpret pc=0x0000000002d38244 method=java.util.zip.ZipCoder.getBytes(Ljava/lang/String;)[B @ 32
Event: 5.064 Thread 0x000000001f12a800 Uncommon trap: reason=unstable_if action=reinterpret pc=0x0000000002e58410 method=java.net.URL.<init>(Ljava/net/URL;Ljava/lang/String;Ljava/net/URLStreamHandler;)V @ 57
Event: 5.064 Thread 0x000000001f12a800 Uncommon trap: reason=unstable_if action=reinterpret pc=0x00000000036c3638 method=java.net.URLStreamHandler.parseURL(Ljava/net/URL;Ljava/lang/String;II)V @ 57
Event: 5.080 Thread 0x000000001b347800 Uncommon trap: reason=unstable_if action=reinterpret pc=0x0000000002cd8a50 method=java.lang.AbstractStringBuilder.append(Ljava/lang/String;)Ljava/lang/AbstractStringBuilder; @ 1

Internal exceptions (10 events):
Event: 5.083 Thread 0x000000001b347800 Implicit null exception at 0x00000000031ada0d to 0x00000000031adf7c
Event: 5.083 Thread 0x000000001b347800 Exception <a 'java/lang/NullPointerException'> (0x00000000d671e9d8) thrown at [C:\re\workspace\8-2-build-windows-amd64-cygwin\jdk8u131\8869\hotspot\src\share\vm\runtime\sharedRuntime.cpp, line 605]
Event: 5.083 Thread 0x000000001b347800 Implicit null exception at 0x00000000031ada0d to 0x00000000031adf7c
Event: 5.083 Thread 0x000000001b347800 Exception <a 'java/lang/NullPointerException'> (0x00000000d671f980) thrown at [C:\re\workspace\8-2-build-windows-amd64-cygwin\jdk8u131\8869\hotspot\src\share\vm\runtime\sharedRuntime.cpp, line 605]
Event: 5.083 Thread 0x000000001b347800 Implicit null exception at 0x00000000031ada0d to 0x00000000031adf7c
Event: 5.083 Thread 0x000000001b347800 Exception <a 'java/lang/NullPointerException'> (0x00000000d6720928) thrown at [C:\re\workspace\8-2-build-windows-amd64-cygwin\jdk8u131\8869\hotspot\src\share\vm\runtime\sharedRuntime.cpp, line 605]
Event: 5.083 Thread 0x000000001b347800 Implicit null exception at 0x00000000031ada0d to 0x00000000031adf7c
Event: 5.083 Thread 0x000000001b347800 Exception <a 'java/lang/NullPointerException'> (0x00000000d6721928) thrown at [C:\re\workspace\8-2-build-windows-amd64-cygwin\jdk8u131\8869\hotspot\src\share\vm\runtime\sharedRuntime.cpp, line 605]
Event: 5.141 Thread 0x000000001b347800 Exception <a 'java/lang/ClassNotFoundException': java/lang/ObjectCustomizer> (0x00000000d6faab48) thrown at [C:\re\workspace\8-2-build-windows-amd64-cygwin\jdk8u131\8869\hotspot\src\share\vm\classfile\systemDictionary.cpp, line 210]
Event: 5.142 Thread 0x000000001b347800 Exception <a 'java/lang/ClassNotFoundException': org/mybatis/spring/SqlSessionFactoryBeanCustomizer> (0x00000000d6fc5100) thrown at [C:\re\workspace\8-2-build-windows-amd64-cygwin\jdk8u131\8869\hotspot\src\share\vm\classfile\systemDictionary.cpp, line 210

Events (10 events):
Event: 5.141 loading class java/lang/ObjectCustomizer
Event: 5.141 loading class java/lang/ObjectCustomizer done
Event: 5.141 loading class java/lang/ObjectCustomizer
Event: 5.141 loading class java/lang/ObjectCustomizer done
Event: 5.141 loading class org/mybatis/spring/SqlSessionFactoryBeanCustomizer
Event: 5.141 loading class org/mybatis/spring/SqlSessionFactoryBeanCustomizer done
Event: 5.142 loading class org/mybatis/spring/SqlSessionFactoryBeanCustomizer
Event: 5.142 loading class org/mybatis/spring/SqlSessionFactoryBeanCustomizer done
Event: 5.142 loading class org/mybatis/spring/SqlSessionFactoryBeanCustomizer
Event: 5.142 loading class org/mybatis/spring/SqlSessionFactoryBeanCustomizer done


Dynamic libraries:
0x00007ff66f0a0000 - 0x00007ff66f0d7000 	C:\Program Files\Java\jdk1.8.0_131\bin\java.exe
0x00007ffb0b840000 - 0x00007ffb0ba2d000 	C:\WINDOWS\SYSTEM32\ntdll.dll
0x00007ffb0abd0000 - 0x00007ffb0ac83000 	C:\WINDOWS\System32\KERNEL32.DLL
0x00007ffb07d20000 - 0x00007ffb07fb3000 	C:\WINDOWS\System32\KERNELBASE.dll
0x00007ffb09330000 - 0x00007ffb093d3000 	C:\WINDOWS\System32\ADVAPI32.dll
0x00007ffb0b110000 - 0x00007ffb0b1ae000 	C:\WINDOWS\System32\msvcrt.dll
0x00007ffb0ab00000 - 0x00007ffb0ab9e000 	C:\WINDOWS\System32\sechost.dll
0x00007ffb094d0000 - 0x00007ffb095f2000 	C:\WINDOWS\System32\RPCRT4.dll
0x00007ffb0af70000 - 0x00007ffb0b107000 	C:\WINDOWS\System32\USER32.dll
0x00007ffb07bf0000 - 0x00007ffb07c10000 	C:\WINDOWS\System32\win32u.dll
0x00007ffb0b3f0000 - 0x00007ffb0b419000 	C:\WINDOWS\System32\GDI32.dll
0x00007ffb08810000 - 0x00007ffb089a9000 	C:\WINDOWS\System32\gdi32full.dll
0x00007ffb07ae0000 - 0x00007ffb07b80000 	C:\WINDOWS\System32\msvcp_win.dll
0x00007ffb08710000 - 0x00007ffb0880a000 	C:\WINDOWS\System32\ucrtbase.dll
0x00007ffaf50e0000 - 0x00007ffaf5359000 	C:\WINDOWS\WinSxS\amd64_microsoft.windows.common-controls_6595b64144ccf1df_6.0.17763.864_none_05b3441807210760\COMCTL32.dll
0x00007ffb0b480000 - 0x00007ffb0b7ac000 	C:\WINDOWS\System32\combase.dll
0x00007ffb07c40000 - 0x00007ffb07cbe000 	C:\WINDOWS\System32\bcryptPrimitives.dll
0x00007ffb0b3c0000 - 0x00007ffb0b3ee000 	C:\WINDOWS\System32\IMM32.DLL
0x000000006d130000 - 0x000000006d202000 	C:\Program Files\Java\jdk1.8.0_131\jre\bin\msvcr100.dll
0x000000006c890000 - 0x000000006d12c000 	C:\Program Files\Java\jdk1.8.0_131\jre\bin\server\jvm.dll
0x00007ffb0abc0000 - 0x00007ffb0abc8000 	C:\WINDOWS\System32\PSAPI.DLL
0x00007ffaf9af0000 - 0x00007ffaf9af9000 	C:\WINDOWS\SYSTEM32\WSOCK32.dll
0x00007ffafbe40000 - 0x00007ffafbe4a000 	C:\WINDOWS\SYSTEM32\VERSION.dll
0x00007ffaf9cd0000 - 0x00007ffaf9cf4000 	C:\WINDOWS\SYSTEM32\WINMM.dll
0x00007ffb0b220000 - 0x00007ffb0b28d000 	C:\WINDOWS\System32\WS2_32.dll
0x00007ffaf9ca0000 - 0x00007ffaf9ccd000 	C:\WINDOWS\SYSTEM32\winmmbase.dll
0x00007ffb07ba0000 - 0x00007ffb07bea000 	C:\WINDOWS\System32\cfgmgr32.dll
0x000000006c880000 - 0x000000006c88f000 	C:\Program Files\Java\jdk1.8.0_131\jre\bin\verify.dll
0x000000006c850000 - 0x000000006c879000 	C:\Program Files\Java\jdk1.8.0_131\jre\bin\java.dll
0x000000006c820000 - 0x000000006c843000 	C:\Program Files\Java\jdk1.8.0_131\jre\bin\instrument.dll
0x000000006c800000 - 0x000000006c816000 	C:\Program Files\Java\jdk1.8.0_131\jre\bin\zip.dll
0x00007ffb09600000 - 0x00007ffb0aaf4000 	C:\WINDOWS\System32\SHELL32.dll
0x00007ffb09280000 - 0x00007ffb09328000 	C:\WINDOWS\System32\shcore.dll
0x00007ffb07fc0000 - 0x00007ffb0870d000 	C:\WINDOWS\System32\windows.storage.dll
0x00007ffb07870000 - 0x00007ffb07894000 	C:\WINDOWS\System32\profapi.dll
0x00007ffb078a0000 - 0x00007ffb078fd000 	C:\WINDOWS\System32\powrprof.dll
0x00007ffb0b1c0000 - 0x00007ffb0b212000 	C:\WINDOWS\System32\shlwapi.dll
0x00007ffb07850000 - 0x00007ffb07861000 	C:\WINDOWS\System32\kernel.appcore.dll
0x00007ffb07b80000 - 0x00007ffb07b97000 	C:\WINDOWS\System32\cryptsp.dll
0x000000006c7e0000 - 0x000000006c7fa000 	C:\Program Files\Java\jdk1.8.0_131\jre\bin\net.dll
0x00007ffb070a0000 - 0x00007ffb07107000 	C:\WINDOWS\system32\mswsock.dll
0x000000006c7b0000 - 0x000000006c7bd000 	C:\Program Files\Java\jdk1.8.0_131\jre\bin\management.dll
0x00007ffaf50c0000 - 0x00007ffaf50d6000 	C:\WINDOWS\system32\napinsp.dll
0x00007ffaf5080000 - 0x00007ffaf509a000 	C:\WINDOWS\system32\pnrpnsp.dll
0x00007ffb06e00000 - 0x00007ffb06ec6000 	C:\WINDOWS\SYSTEM32\DNSAPI.dll
0x00007ffb0b1b0000 - 0x00007ffb0b1b8000 	C:\WINDOWS\System32\NSI.dll
0x00007ffb06dc0000 - 0x00007ffb06dfd000 	C:\WINDOWS\SYSTEM32\IPHLPAPI.DLL
0x00007ffaf5070000 - 0x00007ffaf507e000 	C:\WINDOWS\System32\winrnr.dll
0x00007ffb01c90000 - 0x00007ffb01cab000 	C:\WINDOWS\system32\NLAapi.dll
0x00007ffaf5050000 - 0x00007ffaf5065000 	C:\WINDOWS\system32\wshbth.dll
0x000000006d480000 - 0x000000006d4a6000 	C:\Program Files\Bonjour\mdnsNSP.dll
0x00007ffaff2b0000 - 0x00007ffaff2ba000 	C:\Windows\System32\rasadhlp.dll
0x00007ffaff630000 - 0x00007ffaff6a9000 	C:\WINDOWS\System32\fwpuclnt.dll
0x00007ffb07c10000 - 0x00007ffb07c36000 	C:\WINDOWS\System32\bcrypt.dll
0x000000006c7c0000 - 0x000000006c7d1000 	C:\Program Files\Java\jdk1.8.0_131\jre\bin\nio.dll
0x00007ffb06c20000 - 0x00007ffb06c53000 	C:\WINDOWS\system32\rsaenh.dll
0x00007ffb07760000 - 0x00007ffb07788000 	C:\WINDOWS\SYSTEM32\USERENV.dll
0x00007ffb07270000 - 0x00007ffb0727c000 	C:\WINDOWS\SYSTEM32\CRYPTBASE.dll
0x00007ffb01240000 - 0x00007ffb01256000 	C:\WINDOWS\SYSTEM32\dhcpcsvc6.DLL
0x00007ffb00ac0000 - 0x00007ffb00adc000 	C:\WINDOWS\SYSTEM32\dhcpcsvc.DLL

VM Arguments:
jvm_args: -javaagent:D:\Intellij安装目录\IntelliJ IDEA Community Edition 2019.2.3\lib\idea_rt.jar=59056:D:\Intellij安装目录\IntelliJ IDEA Community Edition 2019.2.3\bin -Dfile.encoding=UTF-8 
java_command: cn.jbit.TreeMenProjectApplication
java_class_path (initial): C:\Program Files\Java\jdk1.8.0_131\jre\lib\charsets.jar;C:\Program Files\Java\jdk1.8.0_131\jre\lib\deploy.jar;C:\Program Files\Java\jdk1.8.0_131\jre\lib\ext\access-bridge-64.jar;C:\Program Files\Java\jdk1.8.0_131\jre\lib\ext\cldrdata.jar;C:\Program Files\Java\jdk1.8.0_131\jre\lib\ext\dnsns.jar;C:\Program Files\Java\jdk1.8.0_131\jre\lib\ext\jaccess.jar;C:\Program Files\Java\jdk1.8.0_131\jre\lib\ext\jfxrt.jar;C:\Program Files\Java\jdk1.8.0_131\jre\lib\ext\localedata.jar;C:\Program Files\Java\jdk1.8.0_131\jre\lib\ext\nashorn.jar;C:\Program Files\Java\jdk1.8.0_131\jre\lib\ext\sunec.jar;C:\Program Files\Java\jdk1.8.0_131\jre\lib\ext\sunjce_provider.jar;C:\Program Files\Java\jdk1.8.0_131\jre\lib\ext\sunmscapi.jar;C:\Program Files\Java\jdk1.8.0_131\jre\lib\ext\sunpkcs11.jar;C:\Program Files\Java\jdk1.8.0_131\jre\lib\ext\zipfs.jar;C:\Program Files\Java\jdk1.8.0_131\jre\lib\javaws.jar;C:\Program Files\Java\jdk1.8.0_131\jre\lib\jce.jar;C:\Program Files\Java\jdk1.8.0_131\jre\lib\jfr.jar;C:\Program Files\Java\jdk1.8.0_131\jre\lib\jfxswt.jar;C:\Program Files\Java\jdk1.8.0_131\jre\lib\jsse.jar;C:\Program Files\Java\jdk1.8.0_131\jre\lib\management-agent.jar;C:\Program Files\Java\jdk1.8.0_131\jre\lib\plugin.jar;C:\Program Files\Java\jdk1.8.0_131\jre\lib\resources.jar;C:\Program Files\Java\jdk1.8.0_131\jre\lib\rt.jar;D:\MyFile\TreeMenProject\target\classes;C:\Users\DELL\.m2\repository\org\apache\poi\poi\4.0.0\poi-4.0.0.jar;C:\Users\DELL\.m2\repository\commons-codec\commons-codec\1.11\commons-codec-1.11.jar;C:\Users\DELL\.m2\repository\org\apache\commons\commons-collections4\4.2\commons-collections4-4.2.jar;C:\Users\DELL\.m2\repository\org\apache\poi\poi-ooxml\4.0.0\poi-ooxml-4.0.0.jar;C:\Users\DELL\.m2\repository\org\apache\poi\poi-ooxml-schemas\4.0.0\poi-ooxml-schemas-4.0.0.jar;C:\Users\DELL\.m2\repository\org\apache\xmlbeans\xmlbeans\3.0.1\xmlbeans-3.0.1.jar;C:\Users\DELL\.m2\repository\org\apache\commons\commons-compress\1.18\commons-compress-1.18.jar
Launcher Type: SUN_STANDARD

Environment Variables:
JAVA_HOME=C:\Program Files\Java\jdk1.8.0_131
PATH=C:\app\DELL\product\11.2.0\dbhome_1\bin;C:\Program Files (x86)\Common Files\Oracle\Java\javapath;C:\Program Files (x86)\MySQL\MySQL Server 5.5\bin;C:\Program Files\Java\jdk1.8.0_131\bin;C:\ProgramData\Oracle\Java\javapath;C:\Program Files (x86)\Intel\iCLS Client\;C:\Program Files\Intel\iCLS Client\;C:\WINDOWS\system32;C:\WINDOWS;C:\WINDOWS\System32\Wbem;C:\WINDOWS\System32\WindowsPowerShell\v1.0\;C:\Program Files (x86)\Intel\Intel(R) Management Engine Components\DAL;C:\Program Files\Intel\Intel(R) Management Engine Components\DAL;C:\Program Files (x86)\Intel\Intel(R) Management Engine Components\IPT;C:\Program Files\Intel\Intel(R) Management Engine Components\IPT;C:\Program Files\dotnet\;C:\WINDOWS\System32\OpenSSH\;C:\Python27;C:\Python27\Scripts;C:\Program Files\Intel\WiFi\bin\;C:\Program Files\Common Files\Intel\WirelessCommon\;C:\Users\DELL\AppData\Local\Microsoft\WindowsApps;C:\Windows\Microsoft.NET\Framework64\v4.0.30319;D:\apache-maven-3.5.4\bin
USERNAME=DELL
OS=Windows_NT
PROCESSOR_IDENTIFIER=Intel64 Family 6 Model 142 Stepping 10, GenuineIntel



---------------  S Y S T E M  ---------------

OS: Windows 10.0 , 64 bit Build 17763 (10.0.17763.475)

CPU:total 8 (initial active 8) (4 cores per cpu, 2 threads per core) family 6 model 142 stepping 10, cmov, cx8, fxsr, mmx, sse, sse2, sse3, ssse3, sse4.1, sse4.2, popcnt, avx, avx2, aes, clmul, erms, 3dnowpref, lzcnt, ht, tsc, tscinvbit, bmi1, bmi2, adx

Memory: 4k page, physical 8218728k(245560k free), swap 16513268k(5488k free)

vm_info: Java HotSpot(TM) 64-Bit Server VM (25.131-b11) for windows-amd64 JRE (1.8.0_131-b11), built on Mar 15 2017 01:23:53 by "java_re" with MS VC++ 10.0 (VS2010)

time: Thu Dec 05 15:03:08 2019
elapsed time: 5 seconds (0d 0h 0m 5s)

