#
# There is insufficient memory for the Java Runtime Environment to continue.
# Native memory allocation (malloc) failed to allocate 443216 bytes for Chunk::new
# Possible reasons:
#   The system is out of physical RAM or swap space
#   In 32 bit mode, the process size limit was hit
# Possible solutions:
#   Reduce memory load on the system
#   Increase physical memory or swap space
#   Check if swap backing store is full
#   Use 64 bit Java on a 64 bit OS
#   Decrease Java heap size (-Xmx/-Xms)
#   Decrease number of Java threads
#   Decrease Java thread stack sizes (-Xss)
#   Set larger code cache with -XX:ReservedCodeCacheSize=
# This output file may be truncated or incomplete.
#
#  Out of Memory Error (allocation.cpp:390), pid=178748, tid=0x000000000002c5e4
#
# JRE version: Java(TM) SE Runtime Environment (8.0_131-b11) (build 1.8.0_131-b11)
# Java VM: Java HotSpot(TM) 64-Bit Server VM (25.131-b11 mixed mode windows-amd64 compressed oops)
# Failed to write core dump. Minidumps are not enabled by default on client versions of Windows
#

---------------  T H R E A D  ---------------

Current thread (0x000000001a6ad800):  JavaThread "C2 CompilerThread0" daemon [_thread_in_native, id=181732, stack(0x000000001af90000,0x000000001b090000)]

Stack: [0x000000001af90000,0x000000001b090000]
[error occurred during error reporting (printing stack bounds), id 0xc0000005]

Native frames: (J=compiled Java code, j=interpreted, Vv=VM code, C=native code)


Current CompileTask:
C2:  32351 4253   !   4       java.lang.ClassLoader::getPackage (118 bytes)


---------------  P R O C E S S  ---------------

Java Threads: ( => current thread )
  0x000000001fd0e800 JavaThread "DestroyJavaVM" [_thread_blocked, id=183436, stack(0x0000000002e00000,0x0000000002f00000)]
  0x000000001fd11800 JavaThread "http-nio-8888-Acceptor" daemon [_thread_in_native, id=184148, stack(0x0000000024fe0000,0x00000000250e0000)]
  0x000000001fd15800 JavaThread "http-nio-8888-ClientPoller" daemon [_thread_in_native, id=180064, stack(0x0000000024ee0000,0x0000000024fe0000)]
  0x000000001fd0e000 JavaThread "http-nio-8888-exec-10" daemon [_thread_blocked, id=177824, stack(0x0000000024de0000,0x0000000024ee0000)]
  0x000000001fd0f800 JavaThread "http-nio-8888-exec-9" daemon [_thread_blocked, id=183820, stack(0x0000000024ce0000,0x0000000024de0000)]
  0x000000001fd10000 JavaThread "http-nio-8888-exec-8" daemon [_thread_blocked, id=178532, stack(0x0000000024be0000,0x0000000024ce0000)]
  0x000000001fd12800 JavaThread "http-nio-8888-exec-7" daemon [_thread_blocked, id=181676, stack(0x0000000024ae0000,0x0000000024be0000)]
  0x000000001fd14000 JavaThread "http-nio-8888-exec-6" daemon [_thread_blocked, id=180168, stack(0x00000000249e0000,0x0000000024ae0000)]
  0x000000001fd13000 JavaThread "http-nio-8888-exec-5" daemon [_thread_blocked, id=166636, stack(0x00000000248e0000,0x00000000249e0000)]
  0x000000001fd11000 JavaThread "http-nio-8888-exec-4" daemon [_thread_blocked, id=184136, stack(0x00000000247e0000,0x00000000248e0000)]
  0x000000001fd14800 JavaThread "http-nio-8888-exec-3" daemon [_thread_blocked, id=173796, stack(0x00000000246e0000,0x00000000247e0000)]
  0x000000001ffd1800 JavaThread "http-nio-8888-exec-2" daemon [_thread_blocked, id=175652, stack(0x00000000245e0000,0x00000000246e0000)]
  0x000000001ffd0000 JavaThread "http-nio-8888-exec-1" daemon [_thread_in_Java, id=155176, stack(0x00000000244e0000,0x00000000245e0000)]
  0x000000001ffd0800 JavaThread "http-nio-8888-BlockPoller" daemon [_thread_in_native, id=182332, stack(0x00000000243e0000,0x00000000244e0000)]
  0x000000001ffcf000 JavaThread "Live Reload Server" daemon [_thread_in_native, id=182988, stack(0x0000000023dc0000,0x0000000023ec0000)]
  0x000000001ffce800 JavaThread "File Watcher" daemon [_thread_blocked, id=179384, stack(0x0000000023bc0000,0x0000000023cc0000)]
  0x000000001fca4000 JavaThread "mysql-cj-abandoned-connection-cleanup" daemon [_thread_blocked, id=183104, stack(0x0000000022660000,0x0000000022760000)]
  0x000000001f419800 JavaThread "container-0" [_thread_blocked, id=172300, stack(0x0000000022360000,0x0000000022460000)]
  0x000000001a985800 JavaThread "Catalina-utility-2" [_thread_blocked, id=181540, stack(0x0000000022020000,0x0000000022120000)]
  0x0000000020a9d000 JavaThread "Catalina-utility-1" [_thread_blocked, id=180616, stack(0x0000000020ae0000,0x0000000020be0000)]
  0x000000001a7c6000 JavaThread "Service Thread" daemon [_thread_blocked, id=182308, stack(0x000000001b390000,0x000000001b490000)]
  0x000000001a6f5000 JavaThread "C1 CompilerThread3" daemon [_thread_blocked, id=182016, stack(0x000000001b290000,0x000000001b390000)]
  0x000000001a38e000 JavaThread "C2 CompilerThread2" daemon [_thread_blocked, id=183948, stack(0x000000001b190000,0x000000001b290000)]
  0x000000001a6af000 JavaThread "C2 CompilerThread1" daemon [_thread_blocked, id=183468, stack(0x000000001b090000,0x000000001b190000)]
=>0x000000001a6ad800 JavaThread "C2 CompilerThread0" daemon [_thread_in_native, id=181732, stack(0x000000001af90000,0x000000001b090000)]
  0x000000001a6dd800 JavaThread "Monitor Ctrl-Break" daemon [_thread_in_native, id=180456, stack(0x000000001ae90000,0x000000001af90000)]
  0x000000001a021800 JavaThread "Attach Listener" daemon [_thread_blocked, id=173100, stack(0x000000001a590000,0x000000001a690000)]
  0x0000000019fcc000 JavaThread "Signal Dispatcher" daemon [_thread_blocked, id=179504, stack(0x000000001a490000,0x000000001a590000)]
  0x0000000019fb0800 JavaThread "Finalizer" daemon [_thread_blocked, id=63284, stack(0x000000001a390000,0x000000001a490000)]
  0x00000000031ab000 JavaThread "Reference Handler" daemon [_thread_blocked, id=180292, stack(0x0000000019e90000,0x0000000019f90000)]

Other Threads:
  0x0000000018099800 VMThread [stack: 0x0000000019d90000,0x0000000019e90000] [id=179316]
  0x000000001a38e800 WatcherThread [stack: 0x000000001b490000,0x000000001b590000] [id=184048]

VM state:not at safepoint (normal execution)

VM Mutex/Monitor currently owned by a thread: None

Heap:
 PSYoungGen      total 203264K, used 135358K [0x00000000d6300000, 0x00000000e3b00000, 0x0000000100000000)
  eden space 191488K, 70% used [0x00000000d6300000,0x00000000de72f888,0x00000000e1e00000)
  from space 11776K, 0% used [0x00000000e2f80000,0x00000000e2f80000,0x00000000e3b00000)
  to   space 13312K, 0% used [0x00000000e2100000,0x00000000e2100000,0x00000000e2e00000)
 ParOldGen       total 96256K, used 16330K [0x0000000082800000, 0x0000000088600000, 0x00000000d6300000)
  object space 96256K, 16% used [0x0000000082800000,0x00000000837f2a18,0x0000000088600000)
 Metaspace       used 41066K, capacity 43080K, committed 43312K, reserved 1087488K
  class space    used 5273K, capacity 5618K, committed 5680K, reserved 1048576K

Card table byte_map: [0x0000000012570000,0x0000000012960000] byte_map_base: 0x000000001215c000

Marking Bits: (ParMarkBitMap*) 0x000000006d0ac720
 Begin Bits: [0x0000000013400000, 0x0000000015360000)
 End Bits:   [0x0000000015360000, 0x00000000172c0000)

Polling page: 0x0000000000be0000

CodeCache: size=245760Kb used=14023Kb max_used=14031Kb free=231736Kb
 bounds [0x00000000031b0000, 0x0000000003f80000, 0x00000000121b0000]
 total_blobs=4208 nmethods=3748 adapters=372
 compilation: enabled

Compilation events (10 events):
Event: 22.755 Thread 0x000000001a6f5000 nmethod 4248 0x0000000003679090 code [0x0000000003679200, 0x0000000003679388]
Event: 28.802 Thread 0x000000001a38e000 4249       4       java.io.File::isDirectory (43 bytes)
Event: 28.804 Thread 0x000000001a38e000 nmethod 4249 0x0000000003f4f410 code [0x0000000003f4f560, 0x0000000003f4f7c8]
Event: 30.819 Thread 0x000000001a6ad800 4250       4       java.io.File::<init> (80 bytes)
Event: 30.820 Thread 0x000000001a6ad800 nmethod 4250 0x0000000003f53d10 code [0x0000000003f53e60, 0x0000000003f53f28]
Event: 32.296 Thread 0x000000001a6af000 4251   !   4       sun.instrument.TransformerManager::transform (98 bytes)
Event: 32.297 Thread 0x000000001a38e000 4252       4       sun.instrument.InstrumentationImpl::transform (38 bytes)
Event: 32.297 Thread 0x000000001a6af000 nmethod 4251 0x0000000003f4df50 code [0x0000000003f4e080, 0x0000000003f4e138]
Event: 32.300 Thread 0x000000001a38e000 nmethod 4252 0x0000000003f4db50 code [0x0000000003f4dca0, 0x0000000003f4ddb8]
Event: 32.316 Thread 0x000000001a6ad800 4253   !   4       java.lang.ClassLoader::getPackage (118 bytes)

GC Heap History (10 events):
Event: 1.141 GC heap before
{Heap before GC invocations=4 (full 0):
 PSYoungGen      total 70656K, used 36167K [0x00000000d6300000, 0x00000000ded00000, 0x0000000100000000)
  eden space 65536K, 47% used [0x00000000d6300000,0x00000000d81525d0,0x00000000da300000)
  from space 5120K, 99% used [0x00000000da300000,0x00000000da7ff878,0x00000000da800000)
  to   space 5120K, 0% used [0x00000000de800000,0x00000000de800000,0x00000000ded00000)
 ParOldGen       total 86016K, used 4055K [0x0000000082800000, 0x0000000087c00000, 0x00000000d6300000)
  object space 86016K, 4% used [0x0000000082800000,0x0000000082bf5e98,0x0000000087c00000)
 Metaspace       used 20683K, capacity 21270K, committed 21296K, reserved 1067008K
  class space    used 2667K, capacity 2862K, committed 2864K, reserved 1048576K
Event: 1.148 GC heap after
Heap after GC invocations=4 (full 0):
 PSYoungGen      total 136192K, used 5098K [0x00000000d6300000, 0x00000000ded00000, 0x0000000100000000)
  eden space 131072K, 0% used [0x00000000d6300000,0x00000000d6300000,0x00000000de300000)
  from space 5120K, 99% used [0x00000000de800000,0x00000000decfab38,0x00000000ded00000)
  to   space 5120K, 0% used [0x00000000de300000,0x00000000de300000,0x00000000de800000)
 ParOldGen       total 86016K, used 6744K [0x0000000082800000, 0x0000000087c00000, 0x00000000d6300000)
  object space 86016K, 7% used [0x0000000082800000,0x0000000082e96358,0x0000000087c00000)
 Metaspace       used 20683K, capacity 21270K, committed 21296K, reserved 1067008K
  class space    used 2667K, capacity 2862K, committed 2864K, reserved 1048576K
}
Event: 1.148 GC heap before
{Heap before GC invocations=5 (full 1):
 PSYoungGen      total 136192K, used 5098K [0x00000000d6300000, 0x00000000ded00000, 0x0000000100000000)
  eden space 131072K, 0% used [0x00000000d6300000,0x00000000d6300000,0x00000000de300000)
  from space 5120K, 99% used [0x00000000de800000,0x00000000decfab38,0x00000000ded00000)
  to   space 5120K, 0% used [0x00000000de300000,0x00000000de300000,0x00000000de800000)
 ParOldGen       total 86016K, used 6744K [0x0000000082800000, 0x0000000087c00000, 0x00000000d6300000)
  object space 86016K, 7% used [0x0000000082800000,0x0000000082e96358,0x0000000087c00000)
 Metaspace       used 20683K, capacity 21270K, committed 21296K, reserved 1067008K
  class space    used 2667K, capacity 2862K, committed 2864K, reserved 1048576K
Event: 1.172 GC heap after
Heap after GC invocations=5 (full 1):
 PSYoungGen      total 136192K, used 0K [0x00000000d6300000, 0x00000000ded00000, 0x0000000100000000)
  eden space 131072K, 0% used [0x00000000d6300000,0x00000000d6300000,0x00000000de300000)
  from space 5120K, 0% used [0x00000000de800000,0x00000000de800000,0x00000000ded00000)
  to   space 5120K, 0% used [0x00000000de300000,0x00000000de300000,0x00000000de800000)
 ParOldGen       total 59904K, used 7599K [0x0000000082800000, 0x0000000086280000, 0x00000000d6300000)
  object space 59904K, 12% used [0x0000000082800000,0x0000000082f6be08,0x0000000086280000)
 Metaspace       used 20681K, capacity 21264K, committed 21296K, reserved 1067008K
  class space    used 2667K, capacity 2861K, committed 2864K, reserved 1048576K
}
Event: 2.336 GC heap before
{Heap before GC invocations=6 (full 1):
 PSYoungGen      total 136192K, used 131072K [0x00000000d6300000, 0x00000000ded00000, 0x0000000100000000)
  eden space 131072K, 100% used [0x00000000d6300000,0x00000000de300000,0x00000000de300000)
  from space 5120K, 0% used [0x00000000de800000,0x00000000de800000,0x00000000ded00000)
  to   space 5120K, 0% used [0x00000000de300000,0x00000000de300000,0x00000000de800000)
 ParOldGen       total 59904K, used 7599K [0x0000000082800000, 0x0000000086280000, 0x00000000d6300000)
  object space 59904K, 12% used [0x0000000082800000,0x0000000082f6be08,0x0000000086280000)
 Metaspace       used 28171K, capacity 29202K, committed 29488K, reserved 1075200K
  class space    used 3602K, capacity 3857K, committed 3888K, reserved 1048576K
Event: 2.343 GC heap after
Heap after GC invocations=6 (full 1):
 PSYoungGen      total 136192K, used 5108K [0x00000000d6300000, 0x00000000e3b00000, 0x0000000100000000)
  eden space 131072K, 0% used [0x00000000d6300000,0x00000000d6300000,0x00000000de300000)
  from space 5120K, 99% used [0x00000000de300000,0x00000000de7fd030,0x00000000de800000)
  to   space 11776K, 0% used [0x00000000e2f80000,0x00000000e2f80000,0x00000000e3b00000)
 ParOldGen       total 59904K, used 12739K [0x0000000082800000, 0x0000000086280000, 0x00000000d6300000)
  object space 59904K, 21% used [0x0000000082800000,0x0000000083470ff8,0x0000000086280000)
 Metaspace       used 28171K, capacity 29202K, committed 29488K, reserved 1075200K
  class space    used 3602K, capacity 3857K, committed 3888K, reserved 1048576K
}
Event: 3.680 GC heap before
{Heap before GC invocations=7 (full 1):
 PSYoungGen      total 136192K, used 86214K [0x00000000d6300000, 0x00000000e3b00000, 0x0000000100000000)
  eden space 131072K, 61% used [0x00000000d6300000,0x00000000db234a50,0x00000000de300000)
  from space 5120K, 99% used [0x00000000de300000,0x00000000de7fd030,0x00000000de800000)
  to   space 11776K, 0% used [0x00000000e2f80000,0x00000000e2f80000,0x00000000e3b00000)
 ParOldGen       total 59904K, used 12739K [0x0000000082800000, 0x0000000086280000, 0x00000000d6300000)
  object space 59904K, 21% used [0x0000000082800000,0x0000000083470ff8,0x0000000086280000)
 Metaspace       used 33864K, capacity 35376K, committed 35496K, reserved 1081344K
  class space    used 4313K, capacity 4630K, committed 4656K, reserved 1048576K
Event: 3.689 GC heap after
Heap after GC invocations=7 (full 1):
 PSYoungGen      total 203264K, used 11772K [0x00000000d6300000, 0x00000000e3b00000, 0x0000000100000000)
  eden space 191488K, 0% used [0x00000000d6300000,0x00000000d6300000,0x00000000e1e00000)
  from space 11776K, 99% used [0x00000000e2f80000,0x00000000e3aff2d0,0x00000000e3b00000)
  to   space 13312K, 0% used [0x00000000e2100000,0x00000000e2100000,0x00000000e2e00000)
 ParOldGen       total 59904K, used 12770K [0x0000000082800000, 0x0000000086280000, 0x00000000d6300000)
  object space 59904K, 21% used [0x0000000082800000,0x0000000083478ab0,0x0000000086280000)
 Metaspace       used 33864K, capacity 35376K, committed 35496K, reserved 1081344K
  class space    used 4313K, capacity 4630K, committed 4656K, reserved 1048576K
}
Event: 3.689 GC heap before
{Heap before GC invocations=8 (full 2):
 PSYoungGen      total 203264K, used 11772K [0x00000000d6300000, 0x00000000e3b00000, 0x0000000100000000)
  eden space 191488K, 0% used [0x00000000d6300000,0x00000000d6300000,0x00000000e1e00000)
  from space 11776K, 99% used [0x00000000e2f80000,0x00000000e3aff2d0,0x00000000e3b00000)
  to   space 13312K, 0% used [0x00000000e2100000,0x00000000e2100000,0x00000000e2e00000)
 ParOldGen       total 59904K, used 12770K [0x0000000082800000, 0x0000000086280000, 0x00000000d6300000)
  object space 59904K, 21% used [0x0000000082800000,0x0000000083478ab0,0x0000000086280000)
 Metaspace       used 33864K, capacity 35376K, committed 35496K, reserved 1081344K
  class space    used 4313K, capacity 4630K, committed 4656K, reserved 1048576K
Event: 3.742 GC heap after
Heap after GC invocations=8 (full 2):
 PSYoungGen      total 203264K, used 0K [0x00000000d6300000, 0x00000000e3b00000, 0x0000000100000000)
  eden space 191488K, 0% used [0x00000000d6300000,0x00000000d6300000,0x00000000e1e00000)
  from space 11776K, 0% used [0x00000000e2f80000,0x00000000e2f80000,0x00000000e3b00000)
  to   space 13312K, 0% used [0x00000000e2100000,0x00000000e2100000,0x00000000e2e00000)
 ParOldGen       total 96256K, used 16330K [0x0000000082800000, 0x0000000088600000, 0x00000000d6300000)
  object space 96256K, 16% used [0x0000000082800000,0x00000000837f2a18,0x0000000088600000)
 Metaspace       used 33864K, capacity 35376K, committed 35496K, reserved 1081344K
  class space    used 4313K, capacity 4630K, committed 4656K, reserved 1048576K
}

Deoptimization events (10 events):
Event: 4.266 Thread 0x000000001adf5000 Uncommon trap: reason=class_check action=maybe_recompile pc=0x00000000032d3954 method=java.lang.reflect.Executable.getAnnotation(Ljava/lang/Class;)Ljava/lang/annotation/Annotation; @ 19
Event: 4.266 Thread 0x000000001adf5000 Uncommon trap: reason=class_check action=maybe_recompile pc=0x00000000032d3954 method=java.lang.reflect.Executable.getAnnotation(Ljava/lang/Class;)Ljava/lang/annotation/Annotation; @ 19
Event: 4.266 Thread 0x000000001adf5000 Uncommon trap: reason=class_check action=maybe_recompile pc=0x00000000032d3954 method=java.lang.reflect.Executable.getAnnotation(Ljava/lang/Class;)Ljava/lang/annotation/Annotation; @ 19
Event: 4.293 Thread 0x000000001adf5000 Uncommon trap: reason=unstable_if action=reinterpret pc=0x00000000038734c4 method=java.io.WinNTFileSystem.isLetter(C)Z @ 3
Event: 4.300 Thread 0x000000001adf5000 Uncommon trap: reason=unstable_if action=reinterpret pc=0x000000000377013c method=org.springframework.beans.factory.support.AbstractBeanFactory.isTypeMatch(Ljava/lang/String;Lorg/springframework/core/ResolvableType;)Z @ 26
Event: 4.731 Thread 0x000000001adf5000 Uncommon trap: reason=class_check action=maybe_recompile pc=0x0000000003b4db94 method=java.util.AbstractList$Itr.hasNext()Z @ 8
Event: 4.731 Thread 0x000000001adf5000 Uncommon trap: reason=class_check action=maybe_recompile pc=0x0000000003bbce44 method=java.util.AbstractList$Itr.next()Ljava/lang/Object; @ 14
Event: 4.754 Thread 0x000000001adf5000 Uncommon trap: reason=bimorphic action=maybe_recompile pc=0x0000000003cf4590 method=java.util.Hashtable.get(Ljava/lang/Object;)Ljava/lang/Object; @ 6
Event: 4.754 Thread 0x000000001adf5000 Uncommon trap: reason=bimorphic action=maybe_recompile pc=0x0000000003cf4590 method=java.util.Hashtable.get(Ljava/lang/Object;)Ljava/lang/Object; @ 6
Event: 5.695 Thread 0x000000001ffce800 Uncommon trap: reason=predicate action=maybe_recompile pc=0x0000000003c57728 method=java.util.AbstractCollection.containsAll(Ljava/util/Collection;)Z @ 16

Internal exceptions (10 events):
Event: 4.078 Thread 0x000000001adf5000 Exception <a 'java/lang/ClassNotFoundException': org/springframework/beans/factory/BeanFactoryAwareCustomizer> (0x00000000d8c46670) thrown at [C:\re\workspace\8-2-build-windows-amd64-cygwin\jdk8u131\8869\hotspot\src\share\vm\classfile\systemDictionary.cpp
Event: 4.078 Thread 0x000000001adf5000 Exception <a 'java/lang/ClassNotFoundException': org/springframework/beans/factory/AwareCustomizer> (0x00000000d8c5d3d8) thrown at [C:\re\workspace\8-2-build-windows-amd64-cygwin\jdk8u131\8869\hotspot\src\share\vm\classfile\systemDictionary.cpp, line 210]
Event: 4.078 Thread 0x000000001adf5000 Exception <a 'java/lang/ClassNotFoundException': org/springframework/context/ResourceLoaderAwareCustomizer> (0x00000000d8c74e08) thrown at [C:\re\workspace\8-2-build-windows-amd64-cygwin\jdk8u131\8869\hotspot\src\share\vm\classfile\systemDictionary.cpp, l
Event: 4.079 Thread 0x000000001adf5000 Exception <a 'java/lang/ClassNotFoundException': org/springframework/beans/factory/AwareCustomizer> (0x00000000d8c8b540) thrown at [C:\re\workspace\8-2-build-windows-amd64-cygwin\jdk8u131\8869\hotspot\src\share\vm\classfile\systemDictionary.cpp, line 210]
Event: 4.079 Thread 0x000000001adf5000 Exception <a 'java/lang/ClassNotFoundException': org/springframework/context/ApplicationContextAwareCustomizer> (0x00000000d8ca46a0) thrown at [C:\re\workspace\8-2-build-windows-amd64-cygwin\jdk8u131\8869\hotspot\src\share\vm\classfile\systemDictionary.cp
Event: 4.079 Thread 0x000000001adf5000 Exception <a 'java/lang/ClassNotFoundException': org/springframework/beans/factory/AwareCustomizer> (0x00000000d8cbb3e0) thrown at [C:\re\workspace\8-2-build-windows-amd64-cygwin\jdk8u131\8869\hotspot\src\share\vm\classfile\systemDictionary.cpp, line 210]
Event: 4.079 Thread 0x000000001adf5000 Exception <a 'java/lang/ClassNotFoundException': org/springframework/web/context/ServletContextAwareCustomizer> (0x00000000d8cd4598) thrown at [C:\re\workspace\8-2-build-windows-amd64-cygwin\jdk8u131\8869\hotspot\src\share\vm\classfile\systemDictionary.cp
Event: 4.080 Thread 0x000000001adf5000 Exception <a 'java/lang/ClassNotFoundException': org/springframework/beans/factory/AwareCustomizer> (0x00000000d8cead48) thrown at [C:\re\workspace\8-2-build-windows-amd64-cygwin\jdk8u131\8869\hotspot\src\share\vm\classfile\systemDictionary.cpp, line 210]
Event: 4.498 Thread 0x000000001adf5000 Exception <a 'java/io/FileNotFoundException'> (0x00000000dc0b6bb0) thrown at [C:\re\workspace\8-2-build-windows-amd64-cygwin\jdk8u131\8869\hotspot\src\share\vm\prims\jni.cpp, line 709]
Event: 4.498 Thread 0x000000001adf5000 Exception <a 'java/io/FileNotFoundException'> (0x00000000dc0b75c0) thrown at [C:\re\workspace\8-2-build-windows-amd64-cygwin\jdk8u131\8869\hotspot\src\share\vm\prims\jni.cpp, line 709]

Events (10 events):
Event: 32.334 loading class org/apache/coyote/http11/HeadersTooLargeException
Event: 32.334 loading class org/apache/coyote/http11/HeadersTooLargeException done
Event: 32.335 loading class javax/servlet/http/HttpUpgradeHandler
Event: 32.335 loading class javax/servlet/http/HttpUpgradeHandler done
Event: 32.338 loading class org/apache/tomcat/util/buf/MessageBytes
Event: 32.338 loading class org/apache/tomcat/util/buf/MessageBytes done
Event: 32.340 loading class org/apache/tomcat/util/buf/MessageBytes$MessageBytesFactory
Event: 32.340 loading class org/apache/tomcat/util/buf/MessageBytes$MessageBytesFactory done
Event: 32.341 loading class org/apache/tomcat/util/http/MimeHeaders
Event: 32.341 loading class org/apache/tomcat/util/http/MimeHeaders done


Dynamic libraries:
0x00007ff66f0a0000 - 0x00007ff66f0d7000 	C:\Program Files\Java\jdk1.8.0_131\bin\java.exe
0x00007ffb0b840000 - 0x00007ffb0ba2d000 	C:\WINDOWS\SYSTEM32\ntdll.dll
0x00007ffb0abd0000 - 0x00007ffb0ac83000 	C:\WINDOWS\System32\KERNEL32.DLL
0x00007ffb07d20000 - 0x00007ffb07fb3000 	C:\WINDOWS\System32\KERNELBASE.dll
0x00007ffb09330000 - 0x00007ffb093d3000 	C:\WINDOWS\System32\ADVAPI32.dll
0x00007ffb0b110000 - 0x00007ffb0b1ae000 	C:\WINDOWS\System32\msvcrt.dll
0x00007ffb0ab00000 - 0x00007ffb0ab9e000 	C:\WINDOWS\System32\sechost.dll
0x00007ffb094d0000 - 0x00007ffb095f2000 	C:\WINDOWS\System32\RPCRT4.dll
0x00007ffb0af70000 - 0x00007ffb0b107000 	C:\WINDOWS\System32\USER32.dll
0x00007ffb07bf0000 - 0x00007ffb07c10000 	C:\WINDOWS\System32\win32u.dll
0x00007ffb0b3f0000 - 0x00007ffb0b419000 	C:\WINDOWS\System32\GDI32.dll
0x00007ffb08810000 - 0x00007ffb089a9000 	C:\WINDOWS\System32\gdi32full.dll
0x00007ffb07ae0000 - 0x00007ffb07b80000 	C:\WINDOWS\System32\msvcp_win.dll
0x00007ffb08710000 - 0x00007ffb0880a000 	C:\WINDOWS\System32\ucrtbase.dll
0x00007ffaf50e0000 - 0x00007ffaf5359000 	C:\WINDOWS\WinSxS\amd64_microsoft.windows.common-controls_6595b64144ccf1df_6.0.17763.864_none_05b3441807210760\COMCTL32.dll
0x00007ffb0b480000 - 0x00007ffb0b7ac000 	C:\WINDOWS\System32\combase.dll
0x00007ffb07c40000 - 0x00007ffb07cbe000 	C:\WINDOWS\System32\bcryptPrimitives.dll
0x00007ffb0b3c0000 - 0x00007ffb0b3ee000 	C:\WINDOWS\System32\IMM32.DLL
0x000000006d130000 - 0x000000006d202000 	C:\Program Files\Java\jdk1.8.0_131\jre\bin\msvcr100.dll
0x000000006c890000 - 0x000000006d12c000 	C:\Program Files\Java\jdk1.8.0_131\jre\bin\server\jvm.dll
0x00007ffb0abc0000 - 0x00007ffb0abc8000 	C:\WINDOWS\System32\PSAPI.DLL
0x00007ffaf9af0000 - 0x00007ffaf9af9000 	C:\WINDOWS\SYSTEM32\WSOCK32.dll
0x00007ffaf9cd0000 - 0x00007ffaf9cf4000 	C:\WINDOWS\SYSTEM32\WINMM.dll
0x00007ffb0b220000 - 0x00007ffb0b28d000 	C:\WINDOWS\System32\WS2_32.dll
0x00007ffafbe40000 - 0x00007ffafbe4a000 	C:\WINDOWS\SYSTEM32\VERSION.dll
0x00007ffaf9ca0000 - 0x00007ffaf9ccd000 	C:\WINDOWS\SYSTEM32\winmmbase.dll
0x00007ffb07ba0000 - 0x00007ffb07bea000 	C:\WINDOWS\System32\cfgmgr32.dll
0x000000006c880000 - 0x000000006c88f000 	C:\Program Files\Java\jdk1.8.0_131\jre\bin\verify.dll
0x000000006c850000 - 0x000000006c879000 	C:\Program Files\Java\jdk1.8.0_131\jre\bin\java.dll
0x000000006c820000 - 0x000000006c843000 	C:\Program Files\Java\jdk1.8.0_131\jre\bin\instrument.dll
0x000000006c800000 - 0x000000006c816000 	C:\Program Files\Java\jdk1.8.0_131\jre\bin\zip.dll
0x00007ffb09600000 - 0x00007ffb0aaf4000 	C:\WINDOWS\System32\SHELL32.dll
0x00007ffb09280000 - 0x00007ffb09328000 	C:\WINDOWS\System32\shcore.dll
0x00007ffb07fc0000 - 0x00007ffb0870d000 	C:\WINDOWS\System32\windows.storage.dll
0x00007ffb07870000 - 0x00007ffb07894000 	C:\WINDOWS\System32\profapi.dll
0x00007ffb078a0000 - 0x00007ffb078fd000 	C:\WINDOWS\System32\powrprof.dll
0x00007ffb0b1c0000 - 0x00007ffb0b212000 	C:\WINDOWS\System32\shlwapi.dll
0x00007ffb07850000 - 0x00007ffb07861000 	C:\WINDOWS\System32\kernel.appcore.dll
0x00007ffb07b80000 - 0x00007ffb07b97000 	C:\WINDOWS\System32\cryptsp.dll
0x000000006c7e0000 - 0x000000006c7fa000 	C:\Program Files\Java\jdk1.8.0_131\jre\bin\net.dll
0x00007ffb070a0000 - 0x00007ffb07107000 	C:\WINDOWS\system32\mswsock.dll
0x000000006c7b0000 - 0x000000006c7bd000 	C:\Program Files\Java\jdk1.8.0_131\jre\bin\management.dll
0x00007ffaf50c0000 - 0x00007ffaf50d6000 	C:\WINDOWS\system32\napinsp.dll
0x00007ffaf5080000 - 0x00007ffaf509a000 	C:\WINDOWS\system32\pnrpnsp.dll
0x00007ffb06e00000 - 0x00007ffb06ec6000 	C:\WINDOWS\SYSTEM32\DNSAPI.dll
0x00007ffb0b1b0000 - 0x00007ffb0b1b8000 	C:\WINDOWS\System32\NSI.dll
0x00007ffb06dc0000 - 0x00007ffb06dfd000 	C:\WINDOWS\SYSTEM32\IPHLPAPI.DLL
0x00007ffaf5070000 - 0x00007ffaf507e000 	C:\WINDOWS\System32\winrnr.dll
0x00007ffb01c90000 - 0x00007ffb01cab000 	C:\WINDOWS\system32\NLAapi.dll
0x00007ffaf5050000 - 0x00007ffaf5065000 	C:\WINDOWS\system32\wshbth.dll
0x000000006d480000 - 0x000000006d4a6000 	C:\Program Files\Bonjour\mdnsNSP.dll
0x00007ffaff2b0000 - 0x00007ffaff2ba000 	C:\Windows\System32\rasadhlp.dll
0x00007ffaff630000 - 0x00007ffaff6a9000 	C:\WINDOWS\System32\fwpuclnt.dll
0x00007ffb07c10000 - 0x00007ffb07c36000 	C:\WINDOWS\System32\bcrypt.dll
0x000000006c7c0000 - 0x000000006c7d1000 	C:\Program Files\Java\jdk1.8.0_131\jre\bin\nio.dll
0x00007ffb06c20000 - 0x00007ffb06c53000 	C:\WINDOWS\system32\rsaenh.dll
0x00007ffb07760000 - 0x00007ffb07788000 	C:\WINDOWS\SYSTEM32\USERENV.dll
0x00007ffb07270000 - 0x00007ffb0727c000 	C:\WINDOWS\SYSTEM32\CRYPTBASE.dll
0x00007ffb01240000 - 0x00007ffb01256000 	C:\WINDOWS\SYSTEM32\dhcpcsvc6.DLL
0x00007ffb00ac0000 - 0x00007ffb00adc000 	C:\WINDOWS\SYSTEM32\dhcpcsvc.DLL

VM Arguments:
jvm_args: -javaagent:D:\Intellij安装目录\IntelliJ IDEA Community Edition 2019.2.3\lib\idea_rt.jar=59014:D:\Intellij安装目录\IntelliJ IDEA Community Edition 2019.2.3\bin -Dfile.encoding=UTF-8 
java_command: cn.jbit.TreeMenProjectApplication
java_class_path (initial): C:\Program Files\Java\jdk1.8.0_131\jre\lib\charsets.jar;C:\Program Files\Java\jdk1.8.0_131\jre\lib\deploy.jar;C:\Program Files\Java\jdk1.8.0_131\jre\lib\ext\access-bridge-64.jar;C:\Program Files\Java\jdk1.8.0_131\jre\lib\ext\cldrdata.jar;C:\Program Files\Java\jdk1.8.0_131\jre\lib\ext\dnsns.jar;C:\Program Files\Java\jdk1.8.0_131\jre\lib\ext\jaccess.jar;C:\Program Files\Java\jdk1.8.0_131\jre\lib\ext\jfxrt.jar;C:\Program Files\Java\jdk1.8.0_131\jre\lib\ext\localedata.jar;C:\Program Files\Java\jdk1.8.0_131\jre\lib\ext\nashorn.jar;C:\Program Files\Java\jdk1.8.0_131\jre\lib\ext\sunec.jar;C:\Program Files\Java\jdk1.8.0_131\jre\lib\ext\sunjce_provider.jar;C:\Program Files\Java\jdk1.8.0_131\jre\lib\ext\sunmscapi.jar;C:\Program Files\Java\jdk1.8.0_131\jre\lib\ext\sunpkcs11.jar;C:\Program Files\Java\jdk1.8.0_131\jre\lib\ext\zipfs.jar;C:\Program Files\Java\jdk1.8.0_131\jre\lib\javaws.jar;C:\Program Files\Java\jdk1.8.0_131\jre\lib\jce.jar;C:\Program Files\Java\jdk1.8.0_131\jre\lib\jfr.jar;C:\Program Files\Java\jdk1.8.0_131\jre\lib\jfxswt.jar;C:\Program Files\Java\jdk1.8.0_131\jre\lib\jsse.jar;C:\Program Files\Java\jdk1.8.0_131\jre\lib\management-agent.jar;C:\Program Files\Java\jdk1.8.0_131\jre\lib\plugin.jar;C:\Program Files\Java\jdk1.8.0_131\jre\lib\resources.jar;C:\Program Files\Java\jdk1.8.0_131\jre\lib\rt.jar;D:\MyFile\TreeMenProject\target\classes;C:\Users\DELL\.m2\repository\org\apache\poi\poi\4.0.0\poi-4.0.0.jar;C:\Users\DELL\.m2\repository\commons-codec\commons-codec\1.11\commons-codec-1.11.jar;C:\Users\DELL\.m2\repository\org\apache\commons\commons-collections4\4.2\commons-collections4-4.2.jar;C:\Users\DELL\.m2\repository\org\apache\poi\poi-ooxml\4.0.0\poi-ooxml-4.0.0.jar;C:\Users\DELL\.m2\repository\org\apache\poi\poi-ooxml-schemas\4.0.0\poi-ooxml-schemas-4.0.0.jar;C:\Users\DELL\.m2\repository\org\apache\xmlbeans\xmlbeans\3.0.1\xmlbeans-3.0.1.jar;C:\Users\DELL\.m2\repository\org\apache\commons\commons-compress\1.18\commons-compress-1.18.jar
Launcher Type: SUN_STANDARD

Environment Variables:
JAVA_HOME=C:\Program Files\Java\jdk1.8.0_131
PATH=C:\app\DELL\product\11.2.0\dbhome_1\bin;C:\Program Files (x86)\Common Files\Oracle\Java\javapath;C:\Program Files (x86)\MySQL\MySQL Server 5.5\bin;C:\Program Files\Java\jdk1.8.0_131\bin;C:\ProgramData\Oracle\Java\javapath;C:\Program Files (x86)\Intel\iCLS Client\;C:\Program Files\Intel\iCLS Client\;C:\WINDOWS\system32;C:\WINDOWS;C:\WINDOWS\System32\Wbem;C:\WINDOWS\System32\WindowsPowerShell\v1.0\;C:\Program Files (x86)\Intel\Intel(R) Management Engine Components\DAL;C:\Program Files\Intel\Intel(R) Management Engine Components\DAL;C:\Program Files (x86)\Intel\Intel(R) Management Engine Components\IPT;C:\Program Files\Intel\Intel(R) Management Engine Components\IPT;C:\Program Files\dotnet\;C:\WINDOWS\System32\OpenSSH\;C:\Python27;C:\Python27\Scripts;C:\Program Files\Intel\WiFi\bin\;C:\Program Files\Common Files\Intel\WirelessCommon\;C:\Users\DELL\AppData\Local\Microsoft\WindowsApps;C:\Windows\Microsoft.NET\Framework64\v4.0.30319;D:\apache-maven-3.5.4\bin
USERNAME=DELL
OS=Windows_NT
PROCESSOR_IDENTIFIER=Intel64 Family 6 Model 142 Stepping 10, GenuineIntel



---------------  S Y S T E M  ---------------

OS: Windows 10.0 , 64 bit Build 17763 (10.0.17763.475)

CPU:total 8 (initial active 8) (4 cores per cpu, 2 threads per core) family 6 model 142 stepping 10, cmov, cx8, fxsr, mmx, sse, sse2, sse3, ssse3, sse4.1, sse4.2, popcnt, avx, avx2, aes, clmul, erms, 3dnowpref, lzcnt, ht, tsc, tscinvbit, bmi1, bmi2, adx

Memory: 4k page, physical 8218728k(218712k free), swap 16513268k(5136k free)

vm_info: Java HotSpot(TM) 64-Bit Server VM (25.131-b11) for windows-amd64 JRE (1.8.0_131-b11), built on Mar 15 2017 01:23:53 by "java_re" with MS VC++ 10.0 (VS2010)

time: Thu Dec 05 15:02:58 2019
elapsed time: 32 seconds (0d 0h 0m 32s)

