#
# There is insufficient memory for the Java Runtime Environment to continue.
# Native memory allocation (malloc) failed to allocate 1069776 bytes for Chunk::new
# Possible reasons:
#   The system is out of physical RAM or swap space
#   In 32 bit mode, the process size limit was hit
# Possible solutions:
#   Reduce memory load on the system
#   Increase physical memory or swap space
#   Check if swap backing store is full
#   Use 64 bit Java on a 64 bit OS
#   Decrease Java heap size (-Xmx/-Xms)
#   Decrease number of Java threads
#   Decrease Java thread stack sizes (-Xss)
#   Set larger code cache with -XX:ReservedCodeCacheSize=
# This output file may be truncated or incomplete.
#
#  Out of Memory Error (allocation.cpp:390), pid=184532, tid=0x000000000002d3d8
#
# JRE version: Java(TM) SE Runtime Environment (8.0_131-b11) (build 1.8.0_131-b11)
# Java VM: Java HotSpot(TM) 64-Bit Server VM (25.131-b11 mixed mode windows-amd64 compressed oops)
# Failed to write core dump. Minidumps are not enabled by default on client versions of Windows
#

---------------  T H R E A D  ---------------

Current thread (0x000000001a1fb000):  JavaThread "C2 CompilerThread0" daemon [_thread_in_native, id=185304, stack(0x000000001aa70000,0x000000001ab70000)]

Stack: [0x000000001aa70000,0x000000001ab70000]
[error occurred during error reporting (printing stack bounds), id 0xc0000005]

Native frames: (J=compiled Java code, j=interpreted, Vv=VM code, C=native code)


Current CompileTask:
C2:  11052 4206   !   4       org.springframework.core.annotation.AnnotatedElementUtils::searchWithFindSemantics (774 bytes)


---------------  P R O C E S S  ---------------

Java Threads: ( => current thread )
  0x000000001efd2000 JavaThread "DestroyJavaVM" [_thread_blocked, id=184444, stack(0x0000000002900000,0x0000000002a00000)]
  0x000000001efd5000 JavaThread "http-nio-8888-Acceptor" daemon [_thread_in_native, id=184552, stack(0x0000000024880000,0x0000000024980000)]
  0x000000001efcd000 JavaThread "http-nio-8888-ClientPoller" daemon [_thread_in_native, id=181676, stack(0x0000000024780000,0x0000000024880000)]
  0x000000001efd0000 JavaThread "http-nio-8888-exec-10" daemon [_thread_blocked, id=180168, stack(0x0000000024680000,0x0000000024780000)]
  0x000000001efcf000 JavaThread "http-nio-8888-exec-9" daemon [_thread_blocked, id=166636, stack(0x0000000024410000,0x0000000024510000)]
  0x000000001efcd800 JavaThread "http-nio-8888-exec-8" daemon [_thread_blocked, id=182332, stack(0x0000000024310000,0x0000000024410000)]
  0x0000000022232000 JavaThread "http-nio-8888-exec-7" daemon [_thread_blocked, id=182392, stack(0x0000000024210000,0x0000000024310000)]
  0x0000000022231800 JavaThread "http-nio-8888-exec-6" daemon [_thread_blocked, id=182988, stack(0x0000000024110000,0x0000000024210000)]
  0x0000000022230000 JavaThread "http-nio-8888-exec-5" daemon [_thread_blocked, id=185188, stack(0x0000000024010000,0x0000000024110000)]
  0x000000002222f000 JavaThread "http-nio-8888-exec-4" daemon [_thread_blocked, id=185220, stack(0x0000000023f10000,0x0000000024010000)]
  0x0000000022230800 JavaThread "http-nio-8888-exec-3" daemon [_thread_blocked, id=183036, stack(0x0000000023e10000,0x0000000023f10000)]
  0x000000002222e800 JavaThread "http-nio-8888-exec-2" daemon [_thread_blocked, id=182536, stack(0x0000000023d10000,0x0000000023e10000)]
  0x0000000022234800 JavaThread "http-nio-8888-exec-1" daemon [_thread_in_Java, id=180212, stack(0x00000000239f0000,0x0000000023af0000)]
  0x0000000022235000 JavaThread "http-nio-8888-BlockPoller" daemon [_thread_in_native, id=182600, stack(0x00000000238f0000,0x00000000239f0000)]
  0x0000000022233000 JavaThread "Live Reload Server" daemon [_thread_in_native, id=160680, stack(0x00000000235f0000,0x00000000236f0000)]
  0x0000000022233800 JavaThread "File Watcher" daemon [_thread_in_native, id=169476, stack(0x00000000230b0000,0x00000000231b0000)]
  0x000000001f3bb000 JavaThread "mysql-cj-abandoned-connection-cleanup" daemon [_thread_blocked, id=174428, stack(0x0000000022fb0000,0x00000000230b0000)]
  0x000000001e9f6000 JavaThread "container-0" [_thread_blocked, id=172844, stack(0x0000000021c50000,0x0000000021d50000)]
  0x000000001e12d000 JavaThread "Catalina-utility-2" [_thread_blocked, id=185224, stack(0x0000000020890000,0x0000000020990000)]
  0x000000001fcfd000 JavaThread "Catalina-utility-1" [_thread_blocked, id=185200, stack(0x00000000204a0000,0x00000000205a0000)]
  0x000000001a2ac800 JavaThread "Service Thread" daemon [_thread_blocked, id=169736, stack(0x000000001ae70000,0x000000001af70000)]
  0x000000001a209800 JavaThread "C1 CompilerThread3" daemon [_thread_in_native, id=180108, stack(0x000000001ad70000,0x000000001ae70000)]
  0x0000000019e0e000 JavaThread "C2 CompilerThread2" daemon [_thread_in_native, id=182160, stack(0x000000001ac70000,0x000000001ad70000)]
  0x000000001a1ff000 JavaThread "C2 CompilerThread1" daemon [_thread_in_native, id=183864, stack(0x000000001ab70000,0x000000001ac70000)]
=>0x000000001a1fb000 JavaThread "C2 CompilerThread0" daemon [_thread_in_native, id=185304, stack(0x000000001aa70000,0x000000001ab70000)]
  0x000000001a1c8000 JavaThread "Monitor Ctrl-Break" daemon [_thread_in_native, id=179148, stack(0x000000001a970000,0x000000001aa70000)]
  0x0000000019aa0800 JavaThread "Attach Listener" daemon [_thread_blocked, id=182716, stack(0x000000001a070000,0x000000001a170000)]
  0x0000000019a4c000 JavaThread "Signal Dispatcher" daemon [_thread_blocked, id=185240, stack(0x0000000019f70000,0x000000001a070000)]
  0x0000000019a30800 JavaThread "Finalizer" daemon [_thread_blocked, id=184784, stack(0x0000000019e10000,0x0000000019f10000)]
  0x0000000002bfb000 JavaThread "Reference Handler" daemon [_thread_blocked, id=184956, stack(0x0000000019910000,0x0000000019a10000)]

Other Threads:
  0x0000000017b19800 VMThread [stack: 0x0000000019810000,0x0000000019910000] [id=184976]
  0x000000001a32a800 WatcherThread [stack: 0x000000001af70000,0x000000001b070000] [id=154868]

VM state:not at safepoint (normal execution)

VM Mutex/Monitor currently owned by a thread: None

Heap:
 PSYoungGen      total 202752K, used 151455K [0x00000000d6300000, 0x00000000e3a00000, 0x0000000100000000)
  eden space 190976K, 79% used [0x00000000d6300000,0x00000000df6e7f98,0x00000000e1d80000)
  from space 11776K, 0% used [0x00000000e2e80000,0x00000000e2e80000,0x00000000e3a00000)
  to   space 13312K, 0% used [0x00000000e2000000,0x00000000e2000000,0x00000000e2d00000)
 ParOldGen       total 96768K, used 16259K [0x0000000082800000, 0x0000000088680000, 0x00000000d6300000)
  object space 96768K, 16% used [0x0000000082800000,0x00000000837e0df0,0x0000000088680000)
 Metaspace       used 42444K, capacity 44510K, committed 44848K, reserved 1087488K
  class space    used 5467K, capacity 5823K, committed 5936K, reserved 1048576K

Card table byte_map: [0x0000000011fc0000,0x00000000123b0000] byte_map_base: 0x0000000011bac000

Marking Bits: (ParMarkBitMap*) 0x000000006d0ac720
 Begin Bits: [0x0000000012e50000, 0x0000000014db0000)
 End Bits:   [0x0000000014db0000, 0x0000000016d10000)

Polling page: 0x0000000000820000

CodeCache: size=245760Kb used=14080Kb max_used=16260Kb free=231680Kb
 bounds [0x0000000002c00000, 0x0000000003c00000, 0x0000000011c00000]
 total_blobs=4236 nmethods=3769 adapters=379
 compilation: enabled

Compilation events (10 events):
Event: 11.048 Thread 0x000000001a209800 4261       3       org.thymeleaf.util.ProcessorConfigurationUtils$AbstractProcessorWrapper::getTemplateMode (10 bytes)
Event: 11.048 Thread 0x000000001a209800 nmethod 4261 0x0000000002d33fd0 code [0x0000000002d34140, 0x0000000002d34368]
Event: 11.048 Thread 0x000000001a209800 4262       3       org.thymeleaf.util.ProcessorConfigurationUtils$AbstractElementProcessorWrapper::getMatchingElementName (10 bytes)
Event: 11.048 Thread 0x000000001a209800 nmethod 4262 0x0000000002d79510 code [0x0000000002d79680, 0x0000000002d798a8]
Event: 11.048 Thread 0x000000001a209800 4263       3       org.thymeleaf.util.ProcessorConfigurationUtils$AbstractElementProcessorWrapper::getMatchingAttributeName (10 bytes)
Event: 11.048 Thread 0x000000001a209800 nmethod 4263 0x0000000002dc3ed0 code [0x0000000002dc4040, 0x0000000002dc4268]
Event: 11.048 Thread 0x000000001a209800 4260       1       org.thymeleaf.processor.element.MatchingAttributeName::isMatchingAllAttributes (5 bytes)
Event: 11.048 Thread 0x000000001a209800 nmethod 4260 0x0000000002eacf10 code [0x0000000002ead060, 0x0000000002ead170]
Event: 11.049 Thread 0x000000001a209800 4264       1       org.thymeleaf.processor.element.MatchingElementName::getTemplateMode (5 bytes)
Event: 11.049 Thread 0x000000001a209800 nmethod 4264 0x0000000002f38f10 code [0x0000000002f39060, 0x0000000002f39170]

GC Heap History (10 events):
Event: 1.356 GC heap before
{Heap before GC invocations=4 (full 0):
 PSYoungGen      total 70656K, used 37264K [0x00000000d6300000, 0x00000000ded00000, 0x0000000100000000)
  eden space 65536K, 49% used [0x00000000d6300000,0x00000000d826a5c0,0x00000000da300000)
  from space 5120K, 99% used [0x00000000da300000,0x00000000da7f9a80,0x00000000da800000)
  to   space 5120K, 0% used [0x00000000de800000,0x00000000de800000,0x00000000ded00000)
 ParOldGen       total 86016K, used 4045K [0x0000000082800000, 0x0000000087c00000, 0x00000000d6300000)
  object space 86016K, 4% used [0x0000000082800000,0x0000000082bf3488,0x0000000087c00000)
 Metaspace       used 20677K, capacity 21242K, committed 21296K, reserved 1067008K
  class space    used 2656K, capacity 2828K, committed 2864K, reserved 1048576K
Event: 1.365 GC heap after
Heap after GC invocations=4 (full 0):
 PSYoungGen      total 136192K, used 5104K [0x00000000d6300000, 0x00000000ded00000, 0x0000000100000000)
  eden space 131072K, 0% used [0x00000000d6300000,0x00000000d6300000,0x00000000de300000)
  from space 5120K, 99% used [0x00000000de800000,0x00000000decfc060,0x00000000ded00000)
  to   space 5120K, 0% used [0x00000000de300000,0x00000000de300000,0x00000000de800000)
 ParOldGen       total 86016K, used 7031K [0x0000000082800000, 0x0000000087c00000, 0x00000000d6300000)
  object space 86016K, 8% used [0x0000000082800000,0x0000000082eddce0,0x0000000087c00000)
 Metaspace       used 20677K, capacity 21242K, committed 21296K, reserved 1067008K
  class space    used 2656K, capacity 2828K, committed 2864K, reserved 1048576K
}
Event: 1.365 GC heap before
{Heap before GC invocations=5 (full 1):
 PSYoungGen      total 136192K, used 5104K [0x00000000d6300000, 0x00000000ded00000, 0x0000000100000000)
  eden space 131072K, 0% used [0x00000000d6300000,0x00000000d6300000,0x00000000de300000)
  from space 5120K, 99% used [0x00000000de800000,0x00000000decfc060,0x00000000ded00000)
  to   space 5120K, 0% used [0x00000000de300000,0x00000000de300000,0x00000000de800000)
 ParOldGen       total 86016K, used 7031K [0x0000000082800000, 0x0000000087c00000, 0x00000000d6300000)
  object space 86016K, 8% used [0x0000000082800000,0x0000000082eddce0,0x0000000087c00000)
 Metaspace       used 20677K, capacity 21242K, committed 21296K, reserved 1067008K
  class space    used 2656K, capacity 2828K, committed 2864K, reserved 1048576K
Event: 1.391 GC heap after
Heap after GC invocations=5 (full 1):
 PSYoungGen      total 136192K, used 0K [0x00000000d6300000, 0x00000000ded00000, 0x0000000100000000)
  eden space 131072K, 0% used [0x00000000d6300000,0x00000000d6300000,0x00000000de300000)
  from space 5120K, 0% used [0x00000000de800000,0x00000000de800000,0x00000000ded00000)
  to   space 5120K, 0% used [0x00000000de300000,0x00000000de300000,0x00000000de800000)
 ParOldGen       total 60416K, used 7883K [0x0000000082800000, 0x0000000086300000, 0x00000000d6300000)
  object space 60416K, 13% used [0x0000000082800000,0x0000000082fb2f70,0x0000000086300000)
 Metaspace       used 20675K, capacity 21236K, committed 21296K, reserved 1067008K
  class space    used 2655K, capacity 2827K, committed 2864K, reserved 1048576K
}
Event: 2.807 GC heap before
{Heap before GC invocations=6 (full 1):
 PSYoungGen      total 136192K, used 131072K [0x00000000d6300000, 0x00000000ded00000, 0x0000000100000000)
  eden space 131072K, 100% used [0x00000000d6300000,0x00000000de300000,0x00000000de300000)
  from space 5120K, 0% used [0x00000000de800000,0x00000000de800000,0x00000000ded00000)
  to   space 5120K, 0% used [0x00000000de300000,0x00000000de300000,0x00000000de800000)
 ParOldGen       total 60416K, used 7883K [0x0000000082800000, 0x0000000086300000, 0x00000000d6300000)
  object space 60416K, 13% used [0x0000000082800000,0x0000000082fb2f70,0x0000000086300000)
 Metaspace       used 28182K, capacity 29218K, committed 29488K, reserved 1075200K
  class space    used 3594K, capacity 3857K, committed 3888K, reserved 1048576K
Event: 2.815 GC heap after
Heap after GC invocations=6 (full 1):
 PSYoungGen      total 136192K, used 5092K [0x00000000d6300000, 0x00000000e3a00000, 0x0000000100000000)
  eden space 131072K, 0% used [0x00000000d6300000,0x00000000d6300000,0x00000000de300000)
  from space 5120K, 99% used [0x00000000de300000,0x00000000de7f9040,0x00000000de800000)
  to   space 11776K, 0% used [0x00000000e2e80000,0x00000000e2e80000,0x00000000e3a00000)
 ParOldGen       total 60416K, used 12983K [0x0000000082800000, 0x0000000086300000, 0x00000000d6300000)
  object space 60416K, 21% used [0x0000000082800000,0x00000000834ade60,0x0000000086300000)
 Metaspace       used 28182K, capacity 29218K, committed 29488K, reserved 1075200K
  class space    used 3594K, capacity 3857K, committed 3888K, reserved 1048576K
}
Event: 4.236 GC heap before
{Heap before GC invocations=7 (full 1):
 PSYoungGen      total 136192K, used 86967K [0x00000000d6300000, 0x00000000e3a00000, 0x0000000100000000)
  eden space 131072K, 62% used [0x00000000d6300000,0x00000000db2f4e08,0x00000000de300000)
  from space 5120K, 99% used [0x00000000de300000,0x00000000de7f9040,0x00000000de800000)
  to   space 11776K, 0% used [0x00000000e2e80000,0x00000000e2e80000,0x00000000e3a00000)
 ParOldGen       total 60416K, used 12983K [0x0000000082800000, 0x0000000086300000, 0x00000000d6300000)
  object space 60416K, 21% used [0x0000000082800000,0x00000000834ade60,0x0000000086300000)
 Metaspace       used 33849K, capacity 35404K, committed 35496K, reserved 1081344K
  class space    used 4304K, capacity 4630K, committed 4656K, reserved 1048576K
Event: 4.246 GC heap after
Heap after GC invocations=7 (full 1):
 PSYoungGen      total 202752K, used 11733K [0x00000000d6300000, 0x00000000e3a00000, 0x0000000100000000)
  eden space 190976K, 0% used [0x00000000d6300000,0x00000000d6300000,0x00000000e1d80000)
  from space 11776K, 99% used [0x00000000e2e80000,0x00000000e39f5448,0x00000000e3a00000)
  to   space 13312K, 0% used [0x00000000e2000000,0x00000000e2000000,0x00000000e2d00000)
 ParOldGen       total 60416K, used 12991K [0x0000000082800000, 0x0000000086300000, 0x00000000d6300000)
  object space 60416K, 21% used [0x0000000082800000,0x00000000834afe60,0x0000000086300000)
 Metaspace       used 33849K, capacity 35404K, committed 35496K, reserved 1081344K
  class space    used 4304K, capacity 4630K, committed 4656K, reserved 1048576K
}
Event: 4.246 GC heap before
{Heap before GC invocations=8 (full 2):
 PSYoungGen      total 202752K, used 11733K [0x00000000d6300000, 0x00000000e3a00000, 0x0000000100000000)
  eden space 190976K, 0% used [0x00000000d6300000,0x00000000d6300000,0x00000000e1d80000)
  from space 11776K, 99% used [0x00000000e2e80000,0x00000000e39f5448,0x00000000e3a00000)
  to   space 13312K, 0% used [0x00000000e2000000,0x00000000e2000000,0x00000000e2d00000)
 ParOldGen       total 60416K, used 12991K [0x0000000082800000, 0x0000000086300000, 0x00000000d6300000)
  object space 60416K, 21% used [0x0000000082800000,0x00000000834afe60,0x0000000086300000)
 Metaspace       used 33849K, capacity 35404K, committed 35496K, reserved 1081344K
  class space    used 4304K, capacity 4630K, committed 4656K, reserved 1048576K
Event: 4.303 GC heap after
Heap after GC invocations=8 (full 2):
 PSYoungGen      total 202752K, used 0K [0x00000000d6300000, 0x00000000e3a00000, 0x0000000100000000)
  eden space 190976K, 0% used [0x00000000d6300000,0x00000000d6300000,0x00000000e1d80000)
  from space 11776K, 0% used [0x00000000e2e80000,0x00000000e2e80000,0x00000000e3a00000)
  to   space 13312K, 0% used [0x00000000e2000000,0x00000000e2000000,0x00000000e2d00000)
 ParOldGen       total 96768K, used 16259K [0x0000000082800000, 0x0000000088680000, 0x00000000d6300000)
  object space 96768K, 16% used [0x0000000082800000,0x00000000837e0df0,0x0000000088680000)
 Metaspace       used 33849K, capacity 35404K, committed 35496K, reserved 1081344K
  class space    used 4304K, capacity 4630K, committed 4656K, reserved 1048576K
}

Deoptimization events (10 events):
Event: 6.383 Thread 0x0000000022233800 Uncommon trap: reason=bimorphic action=maybe_recompile pc=0x00000000036d6bac method=java.util.AbstractCollection.containsAll(Ljava/util/Collection;)Z @ 25
Event: 7.396 Thread 0x0000000022233800 Uncommon trap: reason=bimorphic action=maybe_recompile pc=0x00000000036d6bac method=java.util.AbstractCollection.containsAll(Ljava/util/Collection;)Z @ 25
Event: 7.396 Thread 0x0000000022233800 Uncommon trap: reason=bimorphic action=maybe_recompile pc=0x00000000036d6bac method=java.util.AbstractCollection.containsAll(Ljava/util/Collection;)Z @ 25
Event: 10.822 Thread 0x0000000022234800 Uncommon trap: reason=class_check action=maybe_recompile pc=0x0000000003bdf74c method=org.springframework.core.annotation.AnnotatedElementUtils.searchWithFindSemantics(Ljava/lang/reflect/AnnotatedElement;Ljava/util/Set;Ljava/lang/String;Ljava/lang/Class;L
Event: 10.822 Thread 0x0000000022234800 Uncommon trap: reason=class_check action=maybe_recompile pc=0x0000000003bdf980 method=org.springframework.core.annotation.AnnotatedElementUtils.searchWithFindSemantics(Ljava/lang/reflect/AnnotatedElement;Ljava/util/Set;Ljava/lang/String;Ljava/lang/Class;L
Event: 10.822 Thread 0x0000000022234800 Uncommon trap: reason=class_check action=maybe_recompile pc=0x0000000003bdf74c method=org.springframework.core.annotation.AnnotatedElementUtils.searchWithFindSemantics(Ljava/lang/reflect/AnnotatedElement;Ljava/util/Set;Ljava/lang/String;Ljava/lang/Class;L
Event: 10.822 Thread 0x0000000022234800 Uncommon trap: reason=class_check action=maybe_recompile pc=0x0000000003bdf980 method=org.springframework.core.annotation.AnnotatedElementUtils.searchWithFindSemantics(Ljava/lang/reflect/AnnotatedElement;Ljava/util/Set;Ljava/lang/String;Ljava/lang/Class;L
Event: 10.836 Thread 0x0000000022234800 Uncommon trap: reason=class_check action=maybe_recompile pc=0x0000000003479e14 method=java.util.AbstractList$Itr.hasNext()Z @ 8
Event: 10.836 Thread 0x0000000022234800 Uncommon trap: reason=class_check action=maybe_recompile pc=0x00000000036143c4 method=java.util.AbstractList$Itr.next()Ljava/lang/Object; @ 14
Event: 11.034 Thread 0x0000000022234800 Uncommon trap: reason=predicate action=maybe_recompile pc=0x0000000002fcb0d0 method=java.lang.String.regionMatches(ZILjava/lang/String;II)Z @ 63

Internal exceptions (10 events):
Event: 4.716 Thread 0x000000001a8c4000 Exception <a 'java/lang/ClassNotFoundException': org/springframework/beans/factory/AwareCustomizer> (0x00000000d9153cc0) thrown at [C:\re\workspace\8-2-build-windows-amd64-cygwin\jdk8u131\8869\hotspot\src\share\vm\classfile\systemDictionary.cpp, line 210]
Event: 4.716 Thread 0x000000001a8c4000 Exception <a 'java/lang/ClassNotFoundException': org/springframework/context/ResourceLoaderAwareCustomizer> (0x00000000d916b6f0) thrown at [C:\re\workspace\8-2-build-windows-amd64-cygwin\jdk8u131\8869\hotspot\src\share\vm\classfile\systemDictionary.cpp, l
Event: 4.716 Thread 0x000000001a8c4000 Exception <a 'java/lang/ClassNotFoundException': org/springframework/beans/factory/AwareCustomizer> (0x00000000d9181e58) thrown at [C:\re\workspace\8-2-build-windows-amd64-cygwin\jdk8u131\8869\hotspot\src\share\vm\classfile\systemDictionary.cpp, line 210]
Event: 4.717 Thread 0x000000001a8c4000 Exception <a 'java/lang/ClassNotFoundException': org/springframework/context/ApplicationContextAwareCustomizer> (0x00000000d919afb8) thrown at [C:\re\workspace\8-2-build-windows-amd64-cygwin\jdk8u131\8869\hotspot\src\share\vm\classfile\systemDictionary.cp
Event: 4.717 Thread 0x000000001a8c4000 Exception <a 'java/lang/ClassNotFoundException': org/springframework/beans/factory/AwareCustomizer> (0x00000000d91b1cf8) thrown at [C:\re\workspace\8-2-build-windows-amd64-cygwin\jdk8u131\8869\hotspot\src\share\vm\classfile\systemDictionary.cpp, line 210]
Event: 4.718 Thread 0x000000001a8c4000 Exception <a 'java/lang/ClassNotFoundException': org/springframework/web/context/ServletContextAwareCustomizer> (0x00000000d91caeb0) thrown at [C:\re\workspace\8-2-build-windows-amd64-cygwin\jdk8u131\8869\hotspot\src\share\vm\classfile\systemDictionary.cp
Event: 4.718 Thread 0x000000001a8c4000 Exception <a 'java/lang/ClassNotFoundException': org/springframework/beans/factory/AwareCustomizer> (0x00000000d91e1660) thrown at [C:\re\workspace\8-2-build-windows-amd64-cygwin\jdk8u131\8869\hotspot\src\share\vm\classfile\systemDictionary.cpp, line 210]
Event: 5.267 Thread 0x000000001a8c4000 Exception <a 'java/io/FileNotFoundException'> (0x00000000dc6bb178) thrown at [C:\re\workspace\8-2-build-windows-amd64-cygwin\jdk8u131\8869\hotspot\src\share\vm\prims\jni.cpp, line 709]
Event: 5.267 Thread 0x000000001a8c4000 Exception <a 'java/io/FileNotFoundException'> (0x00000000dc6bbb88) thrown at [C:\re\workspace\8-2-build-windows-amd64-cygwin\jdk8u131\8869\hotspot\src\share\vm\prims\jni.cpp, line 709]
Event: 10.835 Thread 0x0000000022234800 Exception <a 'java/lang/NoSuchMethodError': java.lang.Object.lambda$thenComparing$36697e65$1(Ljava/util/Comparator;Ljava/lang/Object;Ljava/lang/Object;)I> (0x00000000dee243c8) thrown at [C:\re\workspace\8-2-build-windows-amd64-cygwin\jdk8u131\8869\hotspot

Events (10 events):
Event: 11.043 loading class org/thymeleaf/engine/HTMLElementDefinition
Event: 11.043 loading class org/thymeleaf/engine/HTMLElementDefinition done
Event: 11.045 loading class org/thymeleaf/engine/XMLElementDefinition
Event: 11.045 loading class org/thymeleaf/engine/XMLElementDefinition done
Event: 11.045 loading class org/thymeleaf/engine/TextElementDefinition
Event: 11.045 loading class org/thymeleaf/engine/TextElementDefinition done
Event: 11.046 loading class org/thymeleaf/engine/ElementDefinitions$HTMLElementDefinitionSpec
Event: 11.046 loading class org/thymeleaf/engine/ElementDefinitions$HTMLElementDefinitionSpec done
Event: 11.046 loading class org/thymeleaf/engine/HTMLElementType
Event: 11.046 loading class org/thymeleaf/engine/HTMLElementType done


Dynamic libraries:
0x00007ff66f0a0000 - 0x00007ff66f0d7000 	C:\Program Files\Java\jdk1.8.0_131\bin\java.exe
0x00007ffb0b840000 - 0x00007ffb0ba2d000 	C:\WINDOWS\SYSTEM32\ntdll.dll
0x00007ffb0abd0000 - 0x00007ffb0ac83000 	C:\WINDOWS\System32\KERNEL32.DLL
0x00007ffb07d20000 - 0x00007ffb07fb3000 	C:\WINDOWS\System32\KERNELBASE.dll
0x00007ffb09330000 - 0x00007ffb093d3000 	C:\WINDOWS\System32\ADVAPI32.dll
0x00007ffb0b110000 - 0x00007ffb0b1ae000 	C:\WINDOWS\System32\msvcrt.dll
0x00007ffb0ab00000 - 0x00007ffb0ab9e000 	C:\WINDOWS\System32\sechost.dll
0x00007ffb094d0000 - 0x00007ffb095f2000 	C:\WINDOWS\System32\RPCRT4.dll
0x00007ffb0af70000 - 0x00007ffb0b107000 	C:\WINDOWS\System32\USER32.dll
0x00007ffb07bf0000 - 0x00007ffb07c10000 	C:\WINDOWS\System32\win32u.dll
0x00007ffb0b3f0000 - 0x00007ffb0b419000 	C:\WINDOWS\System32\GDI32.dll
0x00007ffb08810000 - 0x00007ffb089a9000 	C:\WINDOWS\System32\gdi32full.dll
0x00007ffb07ae0000 - 0x00007ffb07b80000 	C:\WINDOWS\System32\msvcp_win.dll
0x00007ffb08710000 - 0x00007ffb0880a000 	C:\WINDOWS\System32\ucrtbase.dll
0x00007ffaf50e0000 - 0x00007ffaf5359000 	C:\WINDOWS\WinSxS\amd64_microsoft.windows.common-controls_6595b64144ccf1df_6.0.17763.864_none_05b3441807210760\COMCTL32.dll
0x00007ffb0b480000 - 0x00007ffb0b7ac000 	C:\WINDOWS\System32\combase.dll
0x00007ffb07c40000 - 0x00007ffb07cbe000 	C:\WINDOWS\System32\bcryptPrimitives.dll
0x00007ffb0b3c0000 - 0x00007ffb0b3ee000 	C:\WINDOWS\System32\IMM32.DLL
0x000000006d130000 - 0x000000006d202000 	C:\Program Files\Java\jdk1.8.0_131\jre\bin\msvcr100.dll
0x000000006c890000 - 0x000000006d12c000 	C:\Program Files\Java\jdk1.8.0_131\jre\bin\server\jvm.dll
0x00007ffb0abc0000 - 0x00007ffb0abc8000 	C:\WINDOWS\System32\PSAPI.DLL
0x00007ffaf9cd0000 - 0x00007ffaf9cf4000 	C:\WINDOWS\SYSTEM32\WINMM.dll
0x00007ffaf9af0000 - 0x00007ffaf9af9000 	C:\WINDOWS\SYSTEM32\WSOCK32.dll
0x00007ffafbe40000 - 0x00007ffafbe4a000 	C:\WINDOWS\SYSTEM32\VERSION.dll
0x00007ffb0b220000 - 0x00007ffb0b28d000 	C:\WINDOWS\System32\WS2_32.dll
0x00007ffaf9ca0000 - 0x00007ffaf9ccd000 	C:\WINDOWS\SYSTEM32\WINMMBASE.dll
0x00007ffb07ba0000 - 0x00007ffb07bea000 	C:\WINDOWS\System32\cfgmgr32.dll
0x000000006c880000 - 0x000000006c88f000 	C:\Program Files\Java\jdk1.8.0_131\jre\bin\verify.dll
0x000000006c850000 - 0x000000006c879000 	C:\Program Files\Java\jdk1.8.0_131\jre\bin\java.dll
0x000000006c800000 - 0x000000006c823000 	C:\Program Files\Java\jdk1.8.0_131\jre\bin\instrument.dll
0x000000006c830000 - 0x000000006c846000 	C:\Program Files\Java\jdk1.8.0_131\jre\bin\zip.dll
0x00007ffb09600000 - 0x00007ffb0aaf4000 	C:\WINDOWS\System32\SHELL32.dll
0x00007ffb09280000 - 0x00007ffb09328000 	C:\WINDOWS\System32\shcore.dll
0x00007ffb07fc0000 - 0x00007ffb0870d000 	C:\WINDOWS\System32\windows.storage.dll
0x00007ffb07870000 - 0x00007ffb07894000 	C:\WINDOWS\System32\profapi.dll
0x00007ffb078a0000 - 0x00007ffb078fd000 	C:\WINDOWS\System32\powrprof.dll
0x00007ffb0b1c0000 - 0x00007ffb0b212000 	C:\WINDOWS\System32\shlwapi.dll
0x00007ffb07850000 - 0x00007ffb07861000 	C:\WINDOWS\System32\kernel.appcore.dll
0x00007ffb07b80000 - 0x00007ffb07b97000 	C:\WINDOWS\System32\cryptsp.dll
0x000000006c7e0000 - 0x000000006c7fa000 	C:\Program Files\Java\jdk1.8.0_131\jre\bin\net.dll
0x00007ffb070a0000 - 0x00007ffb07107000 	C:\WINDOWS\system32\mswsock.dll
0x000000006c7b0000 - 0x000000006c7bd000 	C:\Program Files\Java\jdk1.8.0_131\jre\bin\management.dll
0x00007ffaf50c0000 - 0x00007ffaf50d6000 	C:\WINDOWS\system32\napinsp.dll
0x00007ffaf5080000 - 0x00007ffaf509a000 	C:\WINDOWS\system32\pnrpnsp.dll
0x00007ffb06e00000 - 0x00007ffb06ec6000 	C:\WINDOWS\SYSTEM32\DNSAPI.dll
0x00007ffb0b1b0000 - 0x00007ffb0b1b8000 	C:\WINDOWS\System32\NSI.dll
0x00007ffb06dc0000 - 0x00007ffb06dfd000 	C:\WINDOWS\SYSTEM32\IPHLPAPI.DLL
0x00007ffaf5070000 - 0x00007ffaf507e000 	C:\WINDOWS\System32\winrnr.dll
0x00007ffb01c90000 - 0x00007ffb01cab000 	C:\WINDOWS\system32\NLAapi.dll
0x00007ffaf5050000 - 0x00007ffaf5065000 	C:\WINDOWS\system32\wshbth.dll
0x000000006d480000 - 0x000000006d4a6000 	C:\Program Files\Bonjour\mdnsNSP.dll
0x00007ffaff2b0000 - 0x00007ffaff2ba000 	C:\Windows\System32\rasadhlp.dll
0x00007ffaff630000 - 0x00007ffaff6a9000 	C:\WINDOWS\System32\fwpuclnt.dll
0x00007ffb07c10000 - 0x00007ffb07c36000 	C:\WINDOWS\System32\bcrypt.dll
0x000000006c7c0000 - 0x000000006c7d1000 	C:\Program Files\Java\jdk1.8.0_131\jre\bin\nio.dll
0x00007ffb06c20000 - 0x00007ffb06c53000 	C:\WINDOWS\system32\rsaenh.dll
0x00007ffb07760000 - 0x00007ffb07788000 	C:\WINDOWS\SYSTEM32\USERENV.dll
0x00007ffb07270000 - 0x00007ffb0727c000 	C:\WINDOWS\SYSTEM32\CRYPTBASE.dll
0x00007ffb01240000 - 0x00007ffb01256000 	C:\WINDOWS\SYSTEM32\dhcpcsvc6.DLL
0x00007ffb00ac0000 - 0x00007ffb00adc000 	C:\WINDOWS\SYSTEM32\dhcpcsvc.DLL

VM Arguments:
jvm_args: -javaagent:D:\Intellij安装目录\IntelliJ IDEA Community Edition 2019.2.3\lib\idea_rt.jar=59066:D:\Intellij安装目录\IntelliJ IDEA Community Edition 2019.2.3\bin -Dfile.encoding=UTF-8 
java_command: cn.jbit.TreeMenProjectApplication
java_class_path (initial): C:\Program Files\Java\jdk1.8.0_131\jre\lib\charsets.jar;C:\Program Files\Java\jdk1.8.0_131\jre\lib\deploy.jar;C:\Program Files\Java\jdk1.8.0_131\jre\lib\ext\access-bridge-64.jar;C:\Program Files\Java\jdk1.8.0_131\jre\lib\ext\cldrdata.jar;C:\Program Files\Java\jdk1.8.0_131\jre\lib\ext\dnsns.jar;C:\Program Files\Java\jdk1.8.0_131\jre\lib\ext\jaccess.jar;C:\Program Files\Java\jdk1.8.0_131\jre\lib\ext\jfxrt.jar;C:\Program Files\Java\jdk1.8.0_131\jre\lib\ext\localedata.jar;C:\Program Files\Java\jdk1.8.0_131\jre\lib\ext\nashorn.jar;C:\Program Files\Java\jdk1.8.0_131\jre\lib\ext\sunec.jar;C:\Program Files\Java\jdk1.8.0_131\jre\lib\ext\sunjce_provider.jar;C:\Program Files\Java\jdk1.8.0_131\jre\lib\ext\sunmscapi.jar;C:\Program Files\Java\jdk1.8.0_131\jre\lib\ext\sunpkcs11.jar;C:\Program Files\Java\jdk1.8.0_131\jre\lib\ext\zipfs.jar;C:\Program Files\Java\jdk1.8.0_131\jre\lib\javaws.jar;C:\Program Files\Java\jdk1.8.0_131\jre\lib\jce.jar;C:\Program Files\Java\jdk1.8.0_131\jre\lib\jfr.jar;C:\Program Files\Java\jdk1.8.0_131\jre\lib\jfxswt.jar;C:\Program Files\Java\jdk1.8.0_131\jre\lib\jsse.jar;C:\Program Files\Java\jdk1.8.0_131\jre\lib\management-agent.jar;C:\Program Files\Java\jdk1.8.0_131\jre\lib\plugin.jar;C:\Program Files\Java\jdk1.8.0_131\jre\lib\resources.jar;C:\Program Files\Java\jdk1.8.0_131\jre\lib\rt.jar;D:\MyFile\TreeMenProject\target\classes;C:\Users\DELL\.m2\repository\org\apache\poi\poi\4.0.0\poi-4.0.0.jar;C:\Users\DELL\.m2\repository\commons-codec\commons-codec\1.11\commons-codec-1.11.jar;C:\Users\DELL\.m2\repository\org\apache\commons\commons-collections4\4.2\commons-collections4-4.2.jar;C:\Users\DELL\.m2\repository\org\apache\poi\poi-ooxml\4.0.0\poi-ooxml-4.0.0.jar;C:\Users\DELL\.m2\repository\org\apache\poi\poi-ooxml-schemas\4.0.0\poi-ooxml-schemas-4.0.0.jar;C:\Users\DELL\.m2\repository\org\apache\xmlbeans\xmlbeans\3.0.1\xmlbeans-3.0.1.jar;C:\Users\DELL\.m2\repository\org\apache\commons\commons-compress\1.18\commons-compress-1.18.jar
Launcher Type: SUN_STANDARD

Environment Variables:
JAVA_HOME=C:\Program Files\Java\jdk1.8.0_131
PATH=C:\app\DELL\product\11.2.0\dbhome_1\bin;C:\Program Files (x86)\Common Files\Oracle\Java\javapath;C:\Program Files (x86)\MySQL\MySQL Server 5.5\bin;C:\Program Files\Java\jdk1.8.0_131\bin;C:\ProgramData\Oracle\Java\javapath;C:\Program Files (x86)\Intel\iCLS Client\;C:\Program Files\Intel\iCLS Client\;C:\WINDOWS\system32;C:\WINDOWS;C:\WINDOWS\System32\Wbem;C:\WINDOWS\System32\WindowsPowerShell\v1.0\;C:\Program Files (x86)\Intel\Intel(R) Management Engine Components\DAL;C:\Program Files\Intel\Intel(R) Management Engine Components\DAL;C:\Program Files (x86)\Intel\Intel(R) Management Engine Components\IPT;C:\Program Files\Intel\Intel(R) Management Engine Components\IPT;C:\Program Files\dotnet\;C:\WINDOWS\System32\OpenSSH\;C:\Python27;C:\Python27\Scripts;C:\Program Files\Intel\WiFi\bin\;C:\Program Files\Common Files\Intel\WirelessCommon\;C:\Users\DELL\AppData\Local\Microsoft\WindowsApps;C:\Windows\Microsoft.NET\Framework64\v4.0.30319;D:\apache-maven-3.5.4\bin
USERNAME=DELL
OS=Windows_NT
PROCESSOR_IDENTIFIER=Intel64 Family 6 Model 142 Stepping 10, GenuineIntel



---------------  S Y S T E M  ---------------

OS: Windows 10.0 , 64 bit Build 17763 (10.0.17763.475)

CPU:total 8 (initial active 8) (4 cores per cpu, 2 threads per core) family 6 model 142 stepping 10, cmov, cx8, fxsr, mmx, sse, sse2, sse3, ssse3, sse4.1, sse4.2, popcnt, avx, avx2, aes, clmul, erms, 3dnowpref, lzcnt, ht, tsc, tscinvbit, bmi1, bmi2, adx

Memory: 4k page, physical 8218728k(274756k free), swap 16513268k(5636k free)

vm_info: Java HotSpot(TM) 64-Bit Server VM (25.131-b11) for windows-amd64 JRE (1.8.0_131-b11), built on Mar 15 2017 01:23:53 by "java_re" with MS VC++ 10.0 (VS2010)

time: Thu Dec 05 15:03:28 2019
elapsed time: 11 seconds (0d 0h 0m 11s)

